[1005/113039.852:ERROR:process_memory_win.cc(73)] ReadMemory at 0x7ff6c2b60000 of 64 bytes failed: Only part of a ReadProcessMemory or WriteProcessMemory request was completed. (0x12B)
[1005/113039.998:WARNING:pe_image_reader.cc(340)] could not read dos header from C:\Program Files (x86)\Google\Chrome\Application\chrome.exe
[1005/113039.998:ERROR:process_memory_win.cc(73)] ReadMemory at 0x7ff814e60000 of 64 bytes failed: Only part of a ReadProcessMemory or WriteProcessMemory request was completed. (0x12B)
[1005/113039.998:WARNING:pe_image_reader.cc(340)] could not read dos header from C:\Windows\SYSTEM32\ntdll.dll
[1005/113039.998:ERROR:process_memory_win.cc(73)] ReadMemory at 0x7ff813c10000 of 64 bytes failed: Only part of a ReadProcessMemory or WriteProcessMemory request was completed. (0x12B)
[1005/113040.007:WARNING:pe_image_reader.cc(340)] could not read dos header from C:\Windows\System32\KERNEL32.DLL
[1005/113040.007:ERROR:process_memory_win.cc(73)] ReadMemory at 0x7ff811f20000 of 64 bytes failed: Only part of a ReadProcessMemory or WriteProcessMemory request was completed. (0x12B)
[1005/113040.007:WARNING:pe_image_reader.cc(340)] could not read dos header from C:\Windows\System32\KERNELBASE.dll
[1005/113040.007:ERROR:process_memory_win.cc(73)] ReadMemory at 0x7fffcbc30000 of 64 bytes failed: Only part of a ReadProcessMemory or WriteProcessMemory request was completed. (0x12B)
[1005/113040.007:WARNING:pe_image_reader.cc(340)] could not read dos header from C:\Program Files (x86)\Google\Chrome\Application\85.0.4183.121\chrome_elf.dll
[1005/113040.007:ERROR:process_memory_win.cc(73)] ReadMemory at 0x7ff807520000 of 64 bytes failed: Only part of a ReadProcessMemory or WriteProcessMemory request was completed. (0x12B)
[1005/113040.007:WARNING:pe_image_reader.cc(340)] could not read dos header from C:\Windows\SYSTEM32\VERSION.dll
[1005/113040.007:ERROR:process_memory_win.cc(73)] ReadMemory at 0x7ff8147a0000 of 64 bytes failed: Only part of a ReadProcessMemory or WriteProcessMemory request was completed. (0x12B)
[1005/113040.007:WARNING:pe_image_reader.cc(340)] could not read dos header from C:\Windows\System32\msvcrt.dll
[1005/113040.007:ERROR:process_memory_win.cc(73)] ReadMemory at 0x7ff811df0000 of 64 bytes failed: Only part of a ReadProcessMemory or WriteProcessMemory request was completed. (0x12B)
[1005/113040.007:WARNING:pe_image_reader.cc(340)] could not read dos header from C:\Windows\System32\bcryptPrimitives.dll
[1005/113040.007:ERROR:process_memory_win.cc(73)] ReadMemory at 0x7ff813470000 of 64 bytes failed: Only part of a ReadProcessMemory or WriteProcessMemory request was completed. (0x12B)
[1005/113040.007:WARNING:pe_image_reader.cc(340)] could not read dos header from C:\Windows\System32\ADVAPI32.dll
[1005/113040.007:ERROR:process_memory_win.cc(73)] ReadMemory at 0x7ff814200000 of 64 bytes failed: Only part of a ReadProcessMemory or WriteProcessMemory request was completed. (0x12B)
[1005/113040.007:WARNING:pe_image_reader.cc(340)] could not read dos header from C:\Windows\System32\sechost.dll
[1005/113040.007:ERROR:process_memory_win.cc(73)] ReadMemory at 0x7ff8149b0000 of 64 bytes failed: Only part of a ReadProcessMemory or WriteProcessMemory request was completed. (0x12B)
[1005/113040.007:WARNING:pe_image_reader.cc(340)] could not read dos header from C:\Windows\System32\RPCRT4.dll
[1005/113040.007:ERROR:process_memory_win.cc(73)] ReadMemory at 0x7fffb6390000 of 64 bytes failed: Only part of a ReadProcessMemory or WriteProcessMemory request was completed. (0x12B)
[1005/113040.007:WARNING:pe_image_reader.cc(340)] could not read dos header from C:\Program Files (x86)\Google\Chrome\Application\85.0.4183.121\chrome.dll
[1005/113040.007:ERROR:process_memory_win.cc(73)] ReadMemory at 0x7ff813fe0000 of 64 bytes failed: Only part of a ReadProcessMemory or WriteProcessMemory request was completed. (0x12B)
[1005/113040.007:WARNING:pe_image_reader.cc(340)] could not read dos header from C:\Windows\System32\WS2_32.dll
[1005/113040.007:ERROR:process_memory_win.cc(73)] ReadMemory at 0x7ff813180000 of 64 bytes failed: Only part of a ReadProcessMemory or WriteProcessMemory request was completed. (0x12B)
[1005/113040.007:WARNING:pe_image_reader.cc(340)] could not read dos header from C:\Windows\System32\OLEAUT32.dll
[1005/113040.007:ERROR:process_memory_win.cc(73)] ReadMemory at 0x7ff812d60000 of 64 bytes failed: Only part of a ReadProcessMemory or WriteProcessMemory request was completed. (0x12B)
[1005/113040.007:WARNING:pe_image_reader.cc(340)] could not read dos header from C:\Windows\System32\msvcp_win.dll
[1005/113040.007:ERROR:process_memory_win.cc(73)] ReadMemory at 0x7ff8121d0000 of 64 bytes failed: Only part of a ReadProcessMemory or WriteProcessMemory request was completed. (0x12B)
[1005/113040.007:WARNING:pe_image_reader.cc(340)] could not read dos header from C:\Windows\System32\ucrtbase.dll
[1005/113040.007:ERROR:process_memory_win.cc(73)] ReadMemory at 0x7ff814ae0000 of 64 bytes failed: Only part of a ReadProcessMemory or WriteProcessMemory request was completed. (0x12B)
[1005/113040.007:WARNING:pe_image_reader.cc(340)] could not read dos header from C:\Windows\System32\combase.dll
[1005/113040.007:ERROR:process_memory_win.cc(73)] ReadMemory at 0x7ff811e70000 of 64 bytes failed: Only part of a ReadProcessMemory or WriteProcessMemory request was completed. (0x12B)
[1005/113040.007:WARNING:pe_image_reader.cc(340)] could not read dos header from C:\Windows\System32\WINTRUST.dll
[1005/113040.007:ERROR:process_memory_win.cc(73)] ReadMemory at 0x7ff811d80000 of 64 bytes failed: Only part of a ReadProcessMemory or WriteProcessMemory request was completed. (0x12B)
[1005/113040.007:WARNING:pe_image_reader.cc(340)] could not read dos header from C:\Windows\System32\MSASN1.dll
[1005/113040.007:ERROR:process_memory_win.cc(73)] ReadMemory at 0x7ff812a70000 of 64 bytes failed: Only part of a ReadProcessMemory or WriteProcessMemory request was completed. (0x12B)
[1005/113040.007:WARNING:pe_image_reader.cc(340)] could not read dos header from C:\Windows\System32\CRYPT32.dll
[1005/113040.007:ERROR:process_memory_win.cc(73)] ReadMemory at 0x7ff811240000 of 64 bytes failed: Only part of a ReadProcessMemory or WriteProcessMemory request was completed. (0x12B)
[1005/113040.007:WARNING:pe_image_reader.cc(340)] could not read dos header from C:\Windows\SYSTEM32\IPHLPAPI.DLL
[1005/113040.007:ERROR:process_memory_win.cc(73)] ReadMemory at 0x7ff80bbe0000 of 64 bytes failed: Only part of a ReadProcessMemory or WriteProcessMemory request was completed. (0x12B)
[1005/113040.008:WARNING:pe_image_reader.cc(340)] could not read dos header from C:\Windows\SYSTEM32\WINMM.dll
[1005/113040.008:ERROR:process_memory_win.cc(73)] ReadMemory at 0x7fffebd70000 of 64 bytes failed: Only part of a ReadProcessMemory or WriteProcessMemory request was completed. (0x12B)
[1005/113040.008:WARNING:pe_image_reader.cc(340)] could not read dos header from C:\Windows\SYSTEM32\UIAutomationCore.DLL
[1005/113040.008:ERROR:process_memory_win.cc(73)] ReadMemory at 0x7ffff9460000 of 64 bytes failed: Only part of a ReadProcessMemory or WriteProcessMemory request was completed. (0x12B)
[1005/113040.008:WARNING:pe_image_reader.cc(340)] could not read dos header from C:\Windows\SYSTEM32\Secur32.dll
[1005/113040.008:ERROR:process_memory_win.cc(73)] ReadMemory at 0x7ff811c10000 of 64 bytes failed: Only part of a ReadProcessMemory or WriteProcessMemory request was completed. (0x12B)
[1005/113040.008:WARNING:pe_image_reader.cc(340)] could not read dos header from C:\Windows\SYSTEM32\USERENV.dll
[1005/113040.008:ERROR:process_memory_win.cc(73)] ReadMemory at 0x7ff811da0000 of 64 bytes failed: Only part of a ReadProcessMemory or WriteProcessMemory request was completed. (0x12B)
[1005/113040.008:WARNING:pe_image_reader.cc(340)] could not read dos header from C:\Windows\System32\profapi.dll
[1005/113040.008:ERROR:process_memory_win.cc(73)] ReadMemory at 0x7ff804700000 of 64 bytes failed: Only part of a ReadProcessMemory or WriteProcessMemory request was completed. (0x12B)
[1005/113040.008:WARNING:pe_image_reader.cc(340)] could not read dos header from C:\Windows\SYSTEM32\DWrite.dll
[1005/113040.008:ERROR:process_memory_win.cc(73)] ReadMemory at 0x7fffefa30000 of 64 bytes failed: Only part of a ReadProcessMemory or WriteProcessMemory request was completed. (0x12B)
[1005/113040.008:WARNING:pe_image_reader.cc(340)] could not read dos header from C:\Windows\SYSTEM32\WINSPOOL.DRV
[1005/113040.008:ERROR:process_memory_win.cc(73)] ReadMemory at 0x7ff811dd0000 of 64 bytes failed: Only part of a ReadProcessMemory or WriteProcessMemory request was completed. (0x12B)
[1005/113040.008:WARNING:pe_image_reader.cc(340)] could not read dos header from C:\Windows\System32\kernel.appcore.dll
[1005/113040.008:ERROR:process_memory_win.cc(73)] ReadMemory at 0x7ff812ee0000 of 64 bytes failed: Only part of a ReadProcessMemory or WriteProcessMemory request was completed. (0x12B)
[1005/113040.008:WARNING:pe_image_reader.cc(340)] could not read dos header from C:\Windows\System32\bcrypt.dll
[1005/113040.008:ERROR:process_memory_win.cc(73)] ReadMemory at 0x7ff810660000 of 64 bytes failed: Only part of a ReadProcessMemory or WriteProcessMemory request was completed. (0x12B)
[1005/113040.008:WARNING:pe_image_reader.cc(340)] could not read dos header from C:\Windows\SYSTEM32\dbghelp.dll
[1005/113040.008:ERROR:process_memory_win.cc(73)] ReadMemory at 0x7ff803830000 of 64 bytes failed: Only part of a ReadProcessMemory or WriteProcessMemory request was completed. (0x12B)
[1005/113040.008:WARNING:pe_image_reader.cc(340)] could not read dos header from C:\Windows\SYSTEM32\WINHTTP.dll
[1005/113040.008:ERROR:process_memory_win.cc(73)] ReadMemory at 0x7ff807000000 of 64 bytes failed: Only part of a ReadProcessMemory or WriteProcessMemory request was completed. (0x12B)
[1005/113040.008:WARNING:pe_image_reader.cc(340)] could not read dos header from C:\Windows\SYSTEM32\dhcpcsvc.DLL
[1005/113040.008:ERROR:process_memory_win.cc(73)] ReadMemory at 0x7ff8132b0000 of 64 bytes failed: Only part of a ReadProcessMemory or WriteProcessMemory request was completed. (0x12B)
[1005/113040.008:WARNING:pe_image_reader.cc(340)] could not read dos header from C:\Windows\System32\NSI.dll
[1005/113040.008:ERROR:process_memory_win.cc(73)] ReadMemory at 0x7ff80b9d0000 of 64 bytes failed: Only part of a ReadProcessMemory or WriteProcessMemory request was completed. (0x12B)
[1005/113040.008:WARNING:pe_image_reader.cc(340)] could not read dos header from C:\Windows\SYSTEM32\WINMMBASE.dll
[1005/113040.008:ERROR:process_memory_win.cc(73)] ReadMemory at 0x7ff811ed0000 of 64 bytes failed: Only part of a ReadProcessMemory or WriteProcessMemory request was completed. (0x12B)
[1005/113040.008:WARNING:pe_image_reader.cc(340)] could not read dos header from C:\Windows\System32\cfgmgr32.dll
[1005/113040.008:ERROR:process_memory_win.cc(73)] ReadMemory at 0x7ff80d240000 of 64 bytes failed: Only part of a ReadProcessMemory or WriteProcessMemory request was completed. (0x12B)
[1005/113040.008:WARNING:pe_image_reader.cc(340)] could not read dos header from C:\Windows\SYSTEM32\PROPSYS.dll
[1005/113040.008:ERROR:process_memory_win.cc(73)] ReadMemory at 0x7ff812f10000 of 64 bytes failed: Only part of a ReadProcessMemory or WriteProcessMemory request was completed. (0x12B)
[1005/113040.008:WARNING:pe_image_reader.cc(340)] could not read dos header from C:\Windows\System32\shcore.dll
[1005/113040.008:ERROR:process_memory_win.cc(73)] ReadMemory at 0x7ff811c40000 of 64 bytes failed: Only part of a ReadProcessMemory or WriteProcessMemory request was completed. (0x12B)
[1005/113040.008:WARNING:pe_image_reader.cc(340)] could not read dos header from C:\Windows\SYSTEM32\SSPICLI.DLL
[1005/113040.008:ERROR:process_memory_win.cc(73)] ReadMemory at 0x7ff811760000 of 64 bytes failed: Only part of a ReadProcessMemory or WriteProcessMemory request was completed. (0x12B)
[1005/113040.008:WARNING:pe_image_reader.cc(340)] could not read dos header from C:\Windows\SYSTEM32\CRYPTBASE.DLL
[1005/113040.096:ERROR:process_memory_win.cc(73)] ReadMemory at 0x7ff6c2b60000 of 64 bytes failed: Only part of a ReadProcessMemory or WriteProcessMemory request was completed. (0x12B)
[1005/113040.096:WARNING:pe_image_reader.cc(340)] could not read dos header from C:\Program Files (x86)\Google\Chrome\Application\chrome.exe
[1005/113040.096:ERROR:process_memory_win.cc(73)] ReadMemory at 0x7ff814e60000 of 64 bytes failed: Only part of a ReadProcessMemory or WriteProcessMemory request was completed. (0x12B)
[1005/113040.096:WARNING:pe_image_reader.cc(340)] could not read dos header from C:\Windows\SYSTEM32\ntdll.dll
[1005/113040.096:ERROR:process_memory_win.cc(73)] ReadMemory at 0x7ff813c10000 of 64 bytes failed: Only part of a ReadProcessMemory or WriteProcessMemory request was completed. (0x12B)
[1005/113040.096:WARNING:pe_image_reader.cc(340)] could not read dos header from C:\Windows\System32\KERNEL32.DLL
[1005/113040.096:ERROR:process_memory_win.cc(73)] ReadMemory at 0x7ff811f20000 of 64 bytes failed: Only part of a ReadProcessMemory or WriteProcessMemory request was completed. (0x12B)
[1005/113040.096:WARNING:pe_image_reader.cc(340)] could not read dos header from C:\Windows\System32\KERNELBASE.dll
[1005/113040.096:ERROR:process_memory_win.cc(73)] ReadMemory at 0x7fffcbc30000 of 64 bytes failed: Only part of a ReadProcessMemory or WriteProcessMemory request was completed. (0x12B)
[1005/113040.096:WARNING:pe_image_reader.cc(340)] could not read dos header from C:\Program Files (x86)\Google\Chrome\Application\85.0.4183.121\chrome_elf.dll
[1005/113040.096:ERROR:process_memory_win.cc(73)] ReadMemory at 0x7ff807520000 of 64 bytes failed: Only part of a ReadProcessMemory or WriteProcessMemory request was completed. (0x12B)
[1005/113040.096:WARNING:pe_image_reader.cc(340)] could not read dos header from C:\Windows\SYSTEM32\VERSION.dll
[1005/113040.096:ERROR:process_memory_win.cc(73)] ReadMemory at 0x7ff8147a0000 of 64 bytes failed: Only part of a ReadProcessMemory or WriteProcessMemory request was completed. (0x12B)
[1005/113040.096:WARNING:pe_image_reader.cc(340)] could not read dos header from C:\Windows\System32\msvcrt.dll
[1005/113040.096:ERROR:process_memory_win.cc(73)] ReadMemory at 0x7ff811df0000 of 64 bytes failed: Only part of a ReadProcessMemory or WriteProcessMemory request was completed. (0x12B)
[1005/113040.096:WARNING:pe_image_reader.cc(340)] could not read dos header from C:\Windows\System32\bcryptPrimitives.dll
[1005/113040.096:ERROR:process_memory_win.cc(73)] ReadMemory at 0x7ff813470000 of 64 bytes failed: Only part of a ReadProcessMemory or WriteProcessMemory request was completed. (0x12B)
[1005/113040.096:WARNING:pe_image_reader.cc(340)] could not read dos header from C:\Windows\System32\ADVAPI32.dll
[1005/113040.096:ERROR:process_memory_win.cc(73)] ReadMemory at 0x7ff814200000 of 64 bytes failed: Only part of a ReadProcessMemory or WriteProcessMemory request was completed. (0x12B)
[1005/113040.096:WARNING:pe_image_reader.cc(340)] could not read dos header from C:\Windows\System32\sechost.dll
[1005/113040.096:ERROR:process_memory_win.cc(73)] ReadMemory at 0x7ff8149b0000 of 64 bytes failed: Only part of a ReadProcessMemory or WriteProcessMemory request was completed. (0x12B)
[1005/113040.096:WARNING:pe_image_reader.cc(340)] could not read dos header from C:\Windows\System32\RPCRT4.dll
[1005/113040.096:ERROR:process_memory_win.cc(73)] ReadMemory at 0x7fffb6390000 of 64 bytes failed: Only part of a ReadProcessMemory or WriteProcessMemory request was completed. (0x12B)
[1005/113040.096:WARNING:pe_image_reader.cc(340)] could not read dos header from C:\Program Files (x86)\Google\Chrome\Application\85.0.4183.121\chrome.dll
[1005/113040.096:ERROR:process_memory_win.cc(73)] ReadMemory at 0x7ff813fe0000 of 64 bytes failed: Only part of a ReadProcessMemory or WriteProcessMemory request was completed. (0x12B)
[1005/113040.096:WARNING:pe_image_reader.cc(340)] could not read dos header from C:\Windows\System32\WS2_32.dll
[1005/113040.096:ERROR:process_memory_win.cc(73)] ReadMemory at 0x7ff813180000 of 64 bytes failed: Only part of a ReadProcessMemory or WriteProcessMemory request was completed. (0x12B)
[1005/113040.096:WARNING:pe_image_reader.cc(340)] could not read dos header from C:\Windows\System32\OLEAUT32.dll
[1005/113040.096:ERROR:process_memory_win.cc(73)] ReadMemory at 0x7ff812d60000 of 64 bytes failed: Only part of a ReadProcessMemory or WriteProcessMemory request was completed. (0x12B)
[1005/113040.096:WARNING:pe_image_reader.cc(340)] could not read dos header from C:\Windows\System32\msvcp_win.dll
[1005/113040.096:ERROR:process_memory_win.cc(73)] ReadMemory at 0x7ff8121d0000 of 64 bytes failed: Only part of a ReadProcessMemory or WriteProcessMemory request was completed. (0x12B)
[1005/113040.096:WARNING:pe_image_reader.cc(340)] could not read dos header from C:\Windows\System32\ucrtbase.dll
[1005/113040.096:ERROR:process_memory_win.cc(73)] ReadMemory at 0x7ff814ae0000 of 64 bytes failed: Only part of a ReadProcessMemory or WriteProcessMemory request was completed. (0x12B)
[1005/113040.096:WARNING:pe_image_reader.cc(340)] could not read dos header from C:\Windows\System32\combase.dll
[1005/113040.096:ERROR:process_memory_win.cc(73)] ReadMemory at 0x7ff811e70000 of 64 bytes failed: Only part of a ReadProcessMemory or WriteProcessMemory request was completed. (0x12B)
[1005/113040.096:WARNING:pe_image_reader.cc(340)] could not read dos header from C:\Windows\System32\WINTRUST.dll
[1005/113040.097:ERROR:process_memory_win.cc(73)] ReadMemory at 0x7ff811d80000 of 64 bytes failed: Only part of a ReadProcessMemory or WriteProcessMemory request was completed. (0x12B)
[1005/113040.097:WARNING:pe_image_reader.cc(340)] could not read dos header from C:\Windows\System32\MSASN1.dll
[1005/113040.097:ERROR:process_memory_win.cc(73)] ReadMemory at 0x7ff812a70000 of 64 bytes failed: Only part of a ReadProcessMemory or WriteProcessMemory request was completed. (0x12B)
[1005/113040.097:WARNING:pe_image_reader.cc(340)] could not read dos header from C:\Windows\System32\CRYPT32.dll
[1005/113040.097:ERROR:process_memory_win.cc(73)] ReadMemory at 0x7ff811240000 of 64 bytes failed: Only part of a ReadProcessMemory or WriteProcessMemory request was completed. (0x12B)
[1005/113040.097:WARNING:pe_image_reader.cc(340)] could not read dos header from C:\Windows\SYSTEM32\IPHLPAPI.DLL
[1005/113040.097:ERROR:process_memory_win.cc(73)] ReadMemory at 0x7ff80bbe0000 of 64 bytes failed: Only part of a ReadProcessMemory or WriteProcessMemory request was completed. (0x12B)
[1005/113040.097:WARNING:pe_image_reader.cc(340)] could not read dos header from C:\Windows\SYSTEM32\WINMM.dll
[1005/113040.097:ERROR:process_memory_win.cc(73)] ReadMemory at 0x7fffebd70000 of 64 bytes failed: Only part of a ReadProcessMemory or WriteProcessMemory request was completed. (0x12B)
[1005/113040.097:WARNING:pe_image_reader.cc(340)] could not read dos header from C:\Windows\SYSTEM32\UIAutomationCore.DLL
[1005/113040.097:ERROR:process_memory_win.cc(73)] ReadMemory at 0x7ffff9460000 of 64 bytes failed: Only part of a ReadProcessMemory or WriteProcessMemory request was completed. (0x12B)
[1005/113040.097:WARNING:pe_image_reader.cc(340)] could not read dos header from C:\Windows\SYSTEM32\Secur32.dll
[1005/113040.097:ERROR:process_memory_win.cc(73)] ReadMemory at 0x7ff811c10000 of 64 bytes failed: Only part of a ReadProcessMemory or WriteProcessMemory request was completed. (0x12B)
[1005/113040.097:WARNING:pe_image_reader.cc(340)] could not read dos header from C:\Windows\SYSTEM32\USERENV.dll
[1005/113040.097:ERROR:process_memory_win.cc(73)] ReadMemory at 0x7ff811da0000 of 64 bytes failed: Only part of a ReadProcessMemory or WriteProcessMemory request was completed. (0x12B)
[1005/113040.097:WARNING:pe_image_reader.cc(340)] could not read dos header from C:\Windows\System32\profapi.dll
[1005/113040.097:ERROR:process_memory_win.cc(73)] ReadMemory at 0x7ff804700000 of 64 bytes failed: Only part of a ReadProcessMemory or WriteProcessMemory request was completed. (0x12B)
[1005/113040.097:WARNING:pe_image_reader.cc(340)] could not read dos header from C:\Windows\SYSTEM32\DWrite.dll
[1005/113040.097:ERROR:process_memory_win.cc(73)] ReadMemory at 0x7fffefa30000 of 64 bytes failed: Only part of a ReadProcessMemory or WriteProcessMemory request was completed. (0x12B)
[1005/113040.097:WARNING:pe_image_reader.cc(340)] could not read dos header from C:\Windows\SYSTEM32\WINSPOOL.DRV
[1005/113040.097:ERROR:process_memory_win.cc(73)] ReadMemory at 0x7ff811dd0000 of 64 bytes failed: Only part of a ReadProcessMemory or WriteProcessMemory request was completed. (0x12B)
[1005/113040.097:WARNING:pe_image_reader.cc(340)] could not read dos header from C:\Windows\System32\kernel.appcore.dll
[1005/113040.097:ERROR:process_memory_win.cc(73)] ReadMemory at 0x7ff812ee0000 of 64 bytes failed: Only part of a ReadProcessMemory or WriteProcessMemory request was completed. (0x12B)
[1005/113040.097:WARNING:pe_image_reader.cc(340)] could not read dos header from C:\Windows\System32\bcrypt.dll
[1005/113040.097:ERROR:process_memory_win.cc(73)] ReadMemory at 0x7ff810660000 of 64 bytes failed: Only part of a ReadProcessMemory or WriteProcessMemory request was completed. (0x12B)
[1005/113040.097:WARNING:pe_image_reader.cc(340)] could not read dos header from C:\Windows\SYSTEM32\dbghelp.dll
[1005/113040.097:ERROR:process_memory_win.cc(73)] ReadMemory at 0x7ff803830000 of 64 bytes failed: Only part of a ReadProcessMemory or WriteProcessMemory request was completed. (0x12B)
[1005/113040.097:WARNING:pe_image_reader.cc(340)] could not read dos header from C:\Windows\SYSTEM32\WINHTTP.dll
[1005/113040.097:ERROR:process_memory_win.cc(73)] ReadMemory at 0x7ff807000000 of 64 bytes failed: Only part of a ReadProcessMemory or WriteProcessMemory request was completed. (0x12B)
[1005/113040.097:WARNING:pe_image_reader.cc(340)] could not read dos header from C:\Windows\SYSTEM32\dhcpcsvc.DLL
[1005/113040.097:ERROR:process_memory_win.cc(73)] ReadMemory at 0x7ff8132b0000 of 64 bytes failed: Only part of a ReadProcessMemory or WriteProcessMemory request was completed. (0x12B)
[1005/113040.097:WARNING:pe_image_reader.cc(340)] could not read dos header from C:\Windows\System32\NSI.dll
[1005/113040.097:ERROR:process_memory_win.cc(73)] ReadMemory at 0x7ff80b9d0000 of 64 bytes failed: Only part of a ReadProcessMemory or WriteProcessMemory request was completed. (0x12B)
[1005/113040.097:WARNING:pe_image_reader.cc(340)] could not read dos header from C:\Windows\SYSTEM32\WINMMBASE.dll
[1005/113040.097:ERROR:process_memory_win.cc(73)] ReadMemory at 0x7ff811ed0000 of 64 bytes failed: Only part of a ReadProcessMemory or WriteProcessMemory request was completed. (0x12B)
[1005/113040.097:WARNING:pe_image_reader.cc(340)] could not read dos header from C:\Windows\System32\cfgmgr32.dll
[1005/113040.097:ERROR:process_memory_win.cc(73)] ReadMemory at 0x7ff80d240000 of 64 bytes failed: Only part of a ReadProcessMemory or WriteProcessMemory request was completed. (0x12B)
[1005/113040.097:WARNING:pe_image_reader.cc(340)] could not read dos header from C:\Windows\SYSTEM32\PROPSYS.dll
[1005/113040.097:ERROR:process_memory_win.cc(73)] ReadMemory at 0x7ff812f10000 of 64 bytes failed: Only part of a ReadProcessMemory or WriteProcessMemory request was completed. (0x12B)
[1005/113040.097:WARNING:pe_image_reader.cc(340)] could not read dos header from C:\Windows\System32\shcore.dll
[1005/113040.097:ERROR:process_memory_win.cc(73)] ReadMemory at 0x7ff811c40000 of 64 bytes failed: Only part of a ReadProcessMemory or WriteProcessMemory request was completed. (0x12B)
[1005/113040.097:WARNING:pe_image_reader.cc(340)] could not read dos header from C:\Windows\SYSTEM32\SSPICLI.DLL
[1005/113040.097:ERROR:process_memory_win.cc(73)] ReadMemory at 0x7ff811760000 of 64 bytes failed: Only part of a ReadProcessMemory or WriteProcessMemory request was completed. (0x12B)
[1005/113040.097:WARNING:pe_image_reader.cc(340)] could not read dos header from C:\Windows\SYSTEM32\CRYPTBASE.DLL
[1005/113040.097:ERROR:process_memory_win.cc(73)] ReadMemory at 0x7ff6c2b60000 of 64 bytes failed: Only part of a ReadProcessMemory or WriteProcessMemory request was completed. (0x12B)
[1005/113040.097:WARNING:pe_image_reader.cc(340)] could not read dos header from C:\Program Files (x86)\Google\Chrome\Application\chrome.exe
[1005/113040.097:ERROR:process_memory_win.cc(73)] ReadMemory at 0x7ff814e60000 of 64 bytes failed: Only part of a ReadProcessMemory or WriteProcessMemory request was completed. (0x12B)
[1005/113040.097:WARNING:pe_image_reader.cc(340)] could not read dos header from C:\Windows\SYSTEM32\ntdll.dll
[1005/113040.097:ERROR:process_memory_win.cc(73)] ReadMemory at 0x7ff813c10000 of 64 bytes failed: Only part of a ReadProcessMemory or WriteProcessMemory request was completed. (0x12B)
[1005/113040.097:WARNING:pe_image_reader.cc(340)] could not read dos header from C:\Windows\System32\KERNEL32.DLL
[1005/113040.097:ERROR:process_memory_win.cc(73)] ReadMemory at 0x7ff811f20000 of 64 bytes failed: Only part of a ReadProcessMemory or WriteProcessMemory request was completed. (0x12B)
[1005/113040.097:WARNING:pe_image_reader.cc(340)] could not read dos header from C:\Windows\System32\KERNELBASE.dll
[1005/113040.097:ERROR:process_memory_win.cc(73)] ReadMemory at 0x7fffcbc30000 of 64 bytes failed: Only part of a ReadProcessMemory or WriteProcessMemory request was completed. (0x12B)
[1005/113040.098:WARNING:pe_image_reader.cc(340)] could not read dos header from C:\Program Files (x86)\Google\Chrome\Application\85.0.4183.121\chrome_elf.dll
[1005/113040.098:ERROR:process_memory_win.cc(73)] ReadMemory at 0x7ff807520000 of 64 bytes failed: Only part of a ReadProcessMemory or WriteProcessMemory request was completed. (0x12B)
[1005/113040.098:WARNING:pe_image_reader.cc(340)] could not read dos header from C:\Windows\SYSTEM32\VERSION.dll
[1005/113040.098:ERROR:process_memory_win.cc(73)] ReadMemory at 0x7ff8147a0000 of 64 bytes failed: Only part of a ReadProcessMemory or WriteProcessMemory request was completed. (0x12B)
[1005/113040.098:WARNING:pe_image_reader.cc(340)] could not read dos header from C:\Windows\System32\msvcrt.dll
[1005/113040.098:ERROR:process_memory_win.cc(73)] ReadMemory at 0x7ff811df0000 of 64 bytes failed: Only part of a ReadProcessMemory or WriteProcessMemory request was completed. (0x12B)
[1005/113040.098:WARNING:pe_image_reader.cc(340)] could not read dos header from C:\Windows\System32\bcryptPrimitives.dll
[1005/113040.098:ERROR:process_memory_win.cc(73)] ReadMemory at 0x7ff813470000 of 64 bytes failed: Only part of a ReadProcessMemory or WriteProcessMemory request was completed. (0x12B)
[1005/113040.098:WARNING:pe_image_reader.cc(340)] could not read dos header from C:\Windows\System32\ADVAPI32.dll
[1005/113040.098:ERROR:process_memory_win.cc(73)] ReadMemory at 0x7ff814200000 of 64 bytes failed: Only part of a ReadProcessMemory or WriteProcessMemory request was completed. (0x12B)
[1005/113040.098:WARNING:pe_image_reader.cc(340)] could not read dos header from C:\Windows\System32\sechost.dll
[1005/113040.098:ERROR:process_memory_win.cc(73)] ReadMemory at 0x7ff8149b0000 of 64 bytes failed: Only part of a ReadProcessMemory or WriteProcessMemory request was completed. (0x12B)
[1005/113040.098:WARNING:pe_image_reader.cc(340)] could not read dos header from C:\Windows\System32\RPCRT4.dll
[1005/113040.098:ERROR:process_memory_win.cc(73)] ReadMemory at 0x7fffb6390000 of 64 bytes failed: Only part of a ReadProcessMemory or WriteProcessMemory request was completed. (0x12B)
[1005/113040.098:WARNING:pe_image_reader.cc(340)] could not read dos header from C:\Program Files (x86)\Google\Chrome\Application\85.0.4183.121\chrome.dll
[1005/113040.098:ERROR:process_memory_win.cc(73)] ReadMemory at 0x7ff813fe0000 of 64 bytes failed: Only part of a ReadProcessMemory or WriteProcessMemory request was completed. (0x12B)
[1005/113040.098:WARNING:pe_image_reader.cc(340)] could not read dos header from C:\Windows\System32\WS2_32.dll
[1005/113040.098:ERROR:process_memory_win.cc(73)] ReadMemory at 0x7ff813180000 of 64 bytes failed: Only part of a ReadProcessMemory or WriteProcessMemory request was completed. (0x12B)
[1005/113040.098:WARNING:pe_image_reader.cc(340)] could not read dos header from C:\Windows\System32\OLEAUT32.dll
[1005/113040.098:ERROR:process_memory_win.cc(73)] ReadMemory at 0x7ff812d60000 of 64 bytes failed: Only part of a ReadProcessMemory or WriteProcessMemory request was completed. (0x12B)
[1005/113040.098:WARNING:pe_image_reader.cc(340)] could not read dos header from C:\Windows\System32\msvcp_win.dll
[1005/113040.098:ERROR:process_memory_win.cc(73)] ReadMemory at 0x7ff8121d0000 of 64 bytes failed: Only part of a ReadProcessMemory or WriteProcessMemory request was completed. (0x12B)
[1005/113040.098:WARNING:pe_image_reader.cc(340)] could not read dos header from C:\Windows\System32\ucrtbase.dll
[1005/113040.098:ERROR:process_memory_win.cc(73)] ReadMemory at 0x7ff814ae0000 of 64 bytes failed: Only part of a ReadProcessMemory or WriteProcessMemory request was completed. (0x12B)
[1005/113040.098:WARNING:pe_image_reader.cc(340)] could not read dos header from C:\Windows\System32\combase.dll
[1005/113040.098:ERROR:process_memory_win.cc(73)] ReadMemory at 0x7ff811e70000 of 64 bytes failed: Only part of a ReadProcessMemory or WriteProcessMemory request was completed. (0x12B)
[1005/113040.098:WARNING:pe_image_reader.cc(340)] could not read dos header from C:\Windows\System32\WINTRUST.dll
[1005/113040.098:ERROR:process_memory_win.cc(73)] ReadMemory at 0x7ff811d80000 of 64 bytes failed: Only part of a ReadProcessMemory or WriteProcessMemory request was completed. (0x12B)
[1005/113040.098:WARNING:pe_image_reader.cc(340)] could not read dos header from C:\Windows\System32\MSASN1.dll
[1005/113040.098:ERROR:process_memory_win.cc(73)] ReadMemory at 0x7ff812a70000 of 64 bytes failed: Only part of a ReadProcessMemory or WriteProcessMemory request was completed. (0x12B)
[1005/113040.098:WARNING:pe_image_reader.cc(340)] could not read dos header from C:\Windows\System32\CRYPT32.dll
[1005/113040.098:ERROR:process_memory_win.cc(73)] ReadMemory at 0x7ff811240000 of 64 bytes failed: Only part of a ReadProcessMemory or WriteProcessMemory request was completed. (0x12B)
[1005/113040.098:WARNING:pe_image_reader.cc(340)] could not read dos header from C:\Windows\SYSTEM32\IPHLPAPI.DLL
[1005/113040.098:ERROR:process_memory_win.cc(73)] ReadMemory at 0x7ff80bbe0000 of 64 bytes failed: Only part of a ReadProcessMemory or WriteProcessMemory request was completed. (0x12B)
[1005/113040.098:WARNING:pe_image_reader.cc(340)] could not read dos header from C:\Windows\SYSTEM32\WINMM.dll
[1005/113040.098:ERROR:process_memory_win.cc(73)] ReadMemory at 0x7fffebd70000 of 64 bytes failed: Only part of a ReadProcessMemory or WriteProcessMemory request was completed. (0x12B)
[1005/113040.098:WARNING:pe_image_reader.cc(340)] could not read dos header from C:\Windows\SYSTEM32\UIAutomationCore.DLL
[1005/113040.098:ERROR:process_memory_win.cc(73)] ReadMemory at 0x7ffff9460000 of 64 bytes failed: Only part of a ReadProcessMemory or WriteProcessMemory request was completed. (0x12B)
[1005/113040.098:WARNING:pe_image_reader.cc(340)] could not read dos header from C:\Windows\SYSTEM32\Secur32.dll
[1005/113040.098:ERROR:process_memory_win.cc(73)] ReadMemory at 0x7ff811c10000 of 64 bytes failed: Only part of a ReadProcessMemory or WriteProcessMemory request was completed. (0x12B)
[1005/113040.098:WARNING:pe_image_reader.cc(340)] could not read dos header from C:\Windows\SYSTEM32\USERENV.dll
[1005/113040.098:ERROR:process_memory_win.cc(73)] ReadMemory at 0x7ff811da0000 of 64 bytes failed: Only part of a ReadProcessMemory or WriteProcessMemory request was completed. (0x12B)
[1005/113040.098:WARNING:pe_image_reader.cc(340)] could not read dos header from C:\Windows\System32\profapi.dll
[1005/113040.098:ERROR:process_memory_win.cc(73)] ReadMemory at 0x7ff804700000 of 64 bytes failed: Only part of a ReadProcessMemory or WriteProcessMemory request was completed. (0x12B)
[1005/113040.098:WARNING:pe_image_reader.cc(340)] could not read dos header from C:\Windows\SYSTEM32\DWrite.dll
[1005/113040.098:ERROR:process_memory_win.cc(73)] ReadMemory at 0x7fffefa30000 of 64 bytes failed: Only part of a ReadProcessMemory or WriteProcessMemory request was completed. (0x12B)
[1005/113040.098:WARNING:pe_image_reader.cc(340)] could not read dos header from C:\Windows\SYSTEM32\WINSPOOL.DRV
[1005/113040.098:ERROR:process_memory_win.cc(73)] ReadMemory at 0x7ff811dd0000 of 64 bytes failed: Only part of a ReadProcessMemory or WriteProcessMemory request was completed. (0x12B)
[1005/113040.098:WARNING:pe_image_reader.cc(340)] could not read dos header from C:\Windows\System32\kernel.appcore.dll
[1005/113040.098:ERROR:process_memory_win.cc(73)] ReadMemory at 0x7ff812ee0000 of 64 bytes failed: Only part of a ReadProcessMemory or WriteProcessMemory request was completed. (0x12B)
[1005/113040.098:WARNING:pe_image_reader.cc(340)] could not read dos header from C:\Windows\System32\bcrypt.dll
[1005/113040.098:ERROR:process_memory_win.cc(73)] ReadMemory at 0x7ff810660000 of 64 bytes failed: Only part of a ReadProcessMemory or WriteProcessMemory request was completed. (0x12B)
[1005/113040.098:WARNING:pe_image_reader.cc(340)] could not read dos header from C:\Windows\SYSTEM32\dbghelp.dll
[1005/113040.099:ERROR:process_memory_win.cc(73)] ReadMemory at 0x7ff803830000 of 64 bytes failed: Only part of a ReadProcessMemory or WriteProcessMemory request was completed. (0x12B)
[1005/113040.099:WARNING:pe_image_reader.cc(340)] could not read dos header from C:\Windows\SYSTEM32\WINHTTP.dll
[1005/113040.099:ERROR:process_memory_win.cc(73)] ReadMemory at 0x7ff807000000 of 64 bytes failed: Only part of a ReadProcessMemory or WriteProcessMemory request was completed. (0x12B)
[1005/113040.099:WARNING:pe_image_reader.cc(340)] could not read dos header from C:\Windows\SYSTEM32\dhcpcsvc.DLL
[1005/113040.099:ERROR:process_memory_win.cc(73)] ReadMemory at 0x7ff8132b0000 of 64 bytes failed: Only part of a ReadProcessMemory or WriteProcessMemory request was completed. (0x12B)
[1005/113040.099:WARNING:pe_image_reader.cc(340)] could not read dos header from C:\Windows\System32\NSI.dll
[1005/113040.099:ERROR:process_memory_win.cc(73)] ReadMemory at 0x7ff80b9d0000 of 64 bytes failed: Only part of a ReadProcessMemory or WriteProcessMemory request was completed. (0x12B)
[1005/113040.099:WARNING:pe_image_reader.cc(340)] could not read dos header from C:\Windows\SYSTEM32\WINMMBASE.dll
[1005/113040.099:ERROR:process_memory_win.cc(73)] ReadMemory at 0x7ff811ed0000 of 64 bytes failed: Only part of a ReadProcessMemory or WriteProcessMemory request was completed. (0x12B)
[1005/113040.099:WARNING:pe_image_reader.cc(340)] could not read dos header from C:\Windows\System32\cfgmgr32.dll
[1005/113040.099:ERROR:process_memory_win.cc(73)] ReadMemory at 0x7ff80d240000 of 64 bytes failed: Only part of a ReadProcessMemory or WriteProcessMemory request was completed. (0x12B)
[1005/113040.099:WARNING:pe_image_reader.cc(340)] could not read dos header from C:\Windows\SYSTEM32\PROPSYS.dll
[1005/113040.099:ERROR:process_memory_win.cc(73)] ReadMemory at 0x7ff812f10000 of 64 bytes failed: Only part of a ReadProcessMemory or WriteProcessMemory request was completed. (0x12B)
[1005/113040.099:WARNING:pe_image_reader.cc(340)] could not read dos header from C:\Windows\System32\shcore.dll
[1005/113040.099:ERROR:process_memory_win.cc(73)] ReadMemory at 0x7ff811c40000 of 64 bytes failed: Only part of a ReadProcessMemory or WriteProcessMemory request was completed. (0x12B)
[1005/113040.099:WARNING:pe_image_reader.cc(340)] could not read dos header from C:\Windows\SYSTEM32\SSPICLI.DLL
[1005/113040.099:ERROR:process_memory_win.cc(73)] ReadMemory at 0x7ff811760000 of 64 bytes failed: Only part of a ReadProcessMemory or WriteProcessMemory request was completed. (0x12B)
[1005/113040.099:WARNING:pe_image_reader.cc(340)] could not read dos header from C:\Windows\SYSTEM32\CRYPTBASE.DLL
[1005/113040.126:ERROR:process_memory_win.cc(73)] ReadMemory at 0xf2c93e0000 of 131072 bytes failed: Only part of a ReadProcessMemory or WriteProcessMemory request was completed. (0x12B)
[1005/113040.276:ERROR:process_memory_win.cc(73)] ReadMemory at 0xf2c9bfd000 of 12288 bytes failed: Only part of a ReadProcessMemory or WriteProcessMemory request was completed. (0x12B)
[1005/113040.276:ERROR:process_memory_win.cc(73)] ReadMemory at 0xf2cabfc000 of 16384 bytes failed: Only part of a ReadProcessMemory or WriteProcessMemory request was completed. (0x12B)
[1005/113040.276:ERROR:process_memory_win.cc(73)] ReadMemory at 0xf2cb3fb000 of 20480 bytes failed: Only part of a ReadProcessMemory or WriteProcessMemory request was completed. (0x12B)
[1005/113040.276:ERROR:process_memory_win.cc(73)] ReadMemory at 0xf2cbbfe000 of 8192 bytes failed: Only part of a ReadProcessMemory or WriteProcessMemory request was completed. (0x12B)
[1005/113040.276:ERROR:process_memory_win.cc(73)] ReadMemory at 0xf2cc3fd000 of 12288 bytes failed: Only part of a ReadProcessMemory or WriteProcessMemory request was completed. (0x12B)
[1005/113040.276:ERROR:process_memory_win.cc(73)] ReadMemory at 0xf2ccbfb000 of 20480 bytes failed: Only part of a ReadProcessMemory or WriteProcessMemory request was completed. (0x12B)
[1005/113040.276:ERROR:process_memory_win.cc(73)] ReadMemory at 0xf2cdbfd000 of 12288 bytes failed: Only part of a ReadProcessMemory or WriteProcessMemory request was completed. (0x12B)
[1005/113040.276:ERROR:process_memory_win.cc(73)] ReadMemory at 0xf2ce3f8000 of 32768 bytes failed: Only part of a ReadProcessMemory or WriteProcessMemory request was completed. (0x12B)
[1005/113040.277:ERROR:process_memory_win.cc(73)] ReadMemory at 0xf2cebf8000 of 32768 bytes failed: Only part of a ReadProcessMemory or WriteProcessMemory request was completed. (0x12B)
[1005/113040.277:ERROR:process_memory_win.cc(73)] ReadMemory at 0xf2cf3f8000 of 32768 bytes failed: Only part of a ReadProcessMemory or WriteProcessMemory request was completed. (0x12B)
[1005/113040.277:ERROR:process_memory_win.cc(73)] ReadMemory at 0xf2cfbf8000 of 32768 bytes failed: Only part of a ReadProcessMemory or WriteProcessMemory request was completed. (0x12B)
[1005/113040.277:ERROR:process_memory_win.cc(73)] ReadMemory at 0xf2d03fb000 of 20480 bytes failed: Only part of a ReadProcessMemory or WriteProcessMemory request was completed. (0x12B)
[1005/113040.277:ERROR:process_memory_win.cc(73)] ReadMemory at 0xf2d33fd000 of 12288 bytes failed: Only part of a ReadProcessMemory or WriteProcessMemory request was completed. (0x12B)
[1005/113040.277:ERROR:process_memory_win.cc(73)] ReadMemory at 0xf2d1bfc000 of 16384 bytes failed: Only part of a ReadProcessMemory or WriteProcessMemory request was completed. (0x12B)
[1005/113040.277:ERROR:process_memory_win.cc(73)] ReadMemory at 0xf2d13fc000 of 16384 bytes failed: Only part of a ReadProcessMemory or WriteProcessMemory request was completed. (0x12B)
[1005/113040.277:ERROR:process_memory_win.cc(73)] ReadMemory at 0xf2ca3ff000 of 4096 bytes failed: Only part of a ReadProcessMemory or WriteProcessMemory request was completed. (0x12B)
[1005/113040.277:ERROR:process_memory_win.cc(73)] ReadMemory at 0xf2c8a02000 of 6024 bytes failed: Only part of a ReadProcessMemory or WriteProcessMemory request was completed. (0x12B)
[1005/113040.277:ERROR:process_memory_win.cc(73)] ReadMemory at 0xf2c8a04000 of 6024 bytes failed: Only part of a ReadProcessMemory or WriteProcessMemory request was completed. (0x12B)
[1005/113040.277:ERROR:process_memory_win.cc(73)] ReadMemory at 0xf2c8a06000 of 6024 bytes failed: Only part of a ReadProcessMemory or WriteProcessMemory request was completed. (0x12B)
[1005/113040.277:ERROR:process_memory_win.cc(73)] ReadMemory at 0xf2c8a08000 of 6024 bytes failed: Only part of a ReadProcessMemory or WriteProcessMemory request was completed. (0x12B)
[1005/113040.277:ERROR:process_memory_win.cc(73)] ReadMemory at 0xf2c8a0a000 of 6024 bytes failed: Only part of a ReadProcessMemory or WriteProcessMemory request was completed. (0x12B)
[1005/113040.277:ERROR:process_memory_win.cc(73)] ReadMemory at 0xf2c8a0e000 of 6024 bytes failed: Only part of a ReadProcessMemory or WriteProcessMemory request was completed. (0x12B)
[1005/113040.277:ERROR:process_memory_win.cc(73)] ReadMemory at 0xf2c8a10000 of 6024 bytes failed: Only part of a ReadProcessMemory or WriteProcessMemory request was completed. (0x12B)
[1005/113040.277:ERROR:process_memory_win.cc(73)] ReadMemory at 0xf2c8a12000 of 6024 bytes failed: Only part of a ReadProcessMemory or WriteProcessMemory request was completed. (0x12B)
[1005/113040.277:ERROR:process_memory_win.cc(73)] ReadMemory at 0xf2c8a14000 of 6024 bytes failed: Only part of a ReadProcessMemory or WriteProcessMemory request was completed. (0x12B)
[1005/113040.277:ERROR:process_memory_win.cc(73)] ReadMemory at 0xf2c8a16000 of 6024 bytes failed: Only part of a ReadProcessMemory or WriteProcessMemory request was completed. (0x12B)
[1005/113040.278:ERROR:process_memory_win.cc(73)] ReadMemory at 0xf2c8a18000 of 6024 bytes failed: Only part of a ReadProcessMemory or WriteProcessMemory request was completed. (0x12B)
[1005/113040.278:ERROR:process_memory_win.cc(73)] ReadMemory at 0xf2c8a28000 of 6024 bytes failed: Only part of a ReadProcessMemory or WriteProcessMemory request was completed. (0x12B)
[1005/113040.278:ERROR:process_memory_win.cc(73)] ReadMemory at 0xf2c8a54000 of 6024 bytes failed: Only part of a ReadProcessMemory or WriteProcessMemory request was completed. (0x12B)
[1005/113040.278:ERROR:process_memory_win.cc(73)] ReadMemory at 0xf2c8a56000 of 6024 bytes failed: Only part of a ReadProcessMemory or WriteProcessMemory request was completed. (0x12B)
[1005/113040.278:ERROR:process_memory_win.cc(73)] ReadMemory at 0xf2c8a5a000 of 6024 bytes failed: Only part of a ReadProcessMemory or WriteProcessMemory request was completed. (0x12B)
[1005/113040.278:ERROR:process_memory_win.cc(73)] ReadMemory at 0xf2c8bfa000 of 852 bytes failed: Only part of a ReadProcessMemory or WriteProcessMemory request was completed. (0x12B)
[1005/113040.278:ERROR:process_memory_win.cc(73)] ReadMemory at 0xf2c8bfb000 of 6024 bytes failed: Only part of a ReadProcessMemory or WriteProcessMemory request was completed. (0x12B)
[1005/113040.278:ERROR:process_memory_win.cc(73)] ReadMemory at 0xf2c8bfd000 of 6024 bytes failed: Only part of a ReadProcessMemory or WriteProcessMemory request was completed. (0x12B)
[1005/113040.278:ERROR:process_memory_win.cc(73)] ReadMemory at 0x20535310fe0 of 23468 bytes failed: Only part of a ReadProcessMemory or WriteProcessMemory request was completed. (0x12B)
[1005/113040.900:ERROR:process_memory_win.cc(73)] ReadMemory at 0x20535316ba0 of 1012 bytes failed: Only part of a ReadProcessMemory or WriteProcessMemory request was completed. (0x12B)
[1005/113040.901:ERROR:process_memory_win.cc(73)] ReadMemory at 0x205353171e8 of 118 bytes failed: Only part of a ReadProcessMemory or WriteProcessMemory request was completed. (0x12B)
[1005/113040.910:ERROR:process_memory_win.cc(73)] ReadMemory at 0x20535317260 of 992 bytes failed: Only part of a ReadProcessMemory or WriteProcessMemory request was completed. (0x12B)
[1005/113040.910:ERROR:process_memory_win.cc(73)] ReadMemory at 0x20535317642 of 118 bytes failed: Only part of a ReadProcessMemory or WriteProcessMemory request was completed. (0x12B)
[1005/113040.910:ERROR:process_memory_win.cc(73)] ReadMemory at 0x205353176ba of 100 bytes failed: Only part of a ReadProcessMemory or WriteProcessMemory request was completed. (0x12B)
[1005/113040.910:ERROR:process_memory_win.cc(73)] ReadMemory at 0x20535317730 of 58 bytes failed: Only part of a ReadProcessMemory or WriteProcessMemory request was completed. (0x12B)
[1005/113040.911:ERROR:process_memory_win.cc(73)] ReadMemory at 0x20535317830 of 132 bytes failed: Only part of a ReadProcessMemory or WriteProcessMemory request was completed. (0x12B)
[1005/113040.911:ERROR:process_memory_win.cc(73)] ReadMemory at 0x205353179c0 of 132 bytes failed: Only part of a ReadProcessMemory or WriteProcessMemory request was completed. (0x12B)
[1005/113040.911:ERROR:process_memory_win.cc(73)] ReadMemory at 0x20535317b80 of 126 bytes failed: Only part of a ReadProcessMemory or WriteProcessMemory request was completed. (0x12B)
[1005/113040.911:ERROR:process_memory_win.cc(73)] ReadMemory at 0x20535317f60 of 132 bytes failed: Only part of a ReadProcessMemory or WriteProcessMemory request was completed. (0x12B)
[1005/113040.935:ERROR:process_memory_win.cc(73)] ReadMemory at 0x205353180f0 of 64 bytes failed: Only part of a ReadProcessMemory or WriteProcessMemory request was completed. (0x12B)
[1005/113040.935:ERROR:process_memory_win.cc(73)] ReadMemory at 0x205353182b0 of 132 bytes failed: Only part of a ReadProcessMemory or WriteProcessMemory request was completed. (0x12B)
[1005/113040.935:ERROR:process_memory_win.cc(73)] ReadMemory at 0x20535318550 of 132 bytes failed: Only part of a ReadProcessMemory or WriteProcessMemory request was completed. (0x12B)
[1005/113040.975:ERROR:process_memory_win.cc(73)] ReadMemory at 0x205353186e0 of 68 bytes failed: Only part of a ReadProcessMemory or WriteProcessMemory request was completed. (0x12B)
[1005/113040.975:ERROR:process_memory_win.cc(73)] ReadMemory at 0x20535319820 of 132 bytes failed: Only part of a ReadProcessMemory or WriteProcessMemory request was completed. (0x12B)
[1005/113040.975:ERROR:process_memory_win.cc(73)] ReadMemory at 0x205353199b0 of 154 bytes failed: Only part of a ReadProcessMemory or WriteProcessMemory request was completed. (0x12B)
[1005/113041.086:ERROR:process_memory_win.cc(73)] ReadMemory at 0x2053531a7c0 of 62 bytes failed: Only part of a ReadProcessMemory or WriteProcessMemory request was completed. (0x12B)
[1005/113041.086:ERROR:process_memory_win.cc(73)] ReadMemory at 0x2053531a920 of 132 bytes failed: Only part of a ReadProcessMemory or WriteProcessMemory request was completed. (0x12B)
[1005/113041.095:ERROR:process_memory_win.cc(73)] ReadMemory at 0x2053531aab0 of 60 bytes failed: Only part of a ReadProcessMemory or WriteProcessMemory request was completed. (0x12B)
[1005/113041.095:ERROR:process_memory_win.cc(73)] ReadMemory at 0x2053532ab60 of 60 bytes failed: Only part of a ReadProcessMemory or WriteProcessMemory request was completed. (0x12B)
[1005/113041.095:ERROR:process_memory_win.cc(73)] ReadMemory at 0x2053532b2e0 of 62 bytes failed: Only part of a ReadProcessMemory or WriteProcessMemory request was completed. (0x12B)
[1005/113041.095:ERROR:process_memory_win.cc(73)] ReadMemory at 0x2053532bcf0 of 54 bytes failed: Only part of a ReadProcessMemory or WriteProcessMemory request was completed. (0x12B)
[1005/113041.095:ERROR:process_memory_win.cc(73)] ReadMemory at 0x2053532e0a0 of 80 bytes failed: Only part of a ReadProcessMemory or WriteProcessMemory request was completed. (0x12B)
[1005/113041.095:ERROR:process_memory_win.cc(73)] ReadMemory at 0x20535330c20 of 132 bytes failed: Only part of a ReadProcessMemory or WriteProcessMemory request was completed. (0x12B)
[1005/113041.095:ERROR:process_memory_win.cc(73)] ReadMemory at 0x20535330d50 of 132 bytes failed: Only part of a ReadProcessMemory or WriteProcessMemory request was completed. (0x12B)
[1005/113041.095:ERROR:process_memory_win.cc(73)] ReadMemory at 0x20535331510 of 132 bytes failed: Only part of a ReadProcessMemory or WriteProcessMemory request was completed. (0x12B)
[1005/113041.095:ERROR:process_memory_win.cc(73)] ReadMemory at 0x205353317c0 of 132 bytes failed: Only part of a ReadProcessMemory or WriteProcessMemory request was completed. (0x12B)
[1005/113041.095:ERROR:process_memory_win.cc(73)] ReadMemory at 0x205353318f0 of 132 bytes failed: Only part of a ReadProcessMemory or WriteProcessMemory request was completed. (0x12B)
[1005/113041.095:ERROR:process_memory_win.cc(73)] ReadMemory at 0x20535331a20 of 132 bytes failed: Only part of a ReadProcessMemory or WriteProcessMemory request was completed. (0x12B)
[1005/113041.095:ERROR:process_memory_win.cc(73)] ReadMemory at 0x20535331b50 of 132 bytes failed: Only part of a ReadProcessMemory or WriteProcessMemory request was completed. (0x12B)
[1005/113041.095:ERROR:process_memory_win.cc(73)] ReadMemory at 0x20535331c80 of 132 bytes failed: Only part of a ReadProcessMemory or WriteProcessMemory request was completed. (0x12B)
[1005/113041.095:ERROR:process_memory_win.cc(73)] ReadMemory at 0x20535331db0 of 132 bytes failed: Only part of a ReadProcessMemory or WriteProcessMemory request was completed. (0x12B)
[1005/113041.095:ERROR:process_memory_win.cc(73)] ReadMemory at 0x20535331ee0 of 132 bytes failed: Only part of a ReadProcessMemory or WriteProcessMemory request was completed. (0x12B)
[1005/113041.095:ERROR:process_memory_win.cc(73)] ReadMemory at 0x20535332010 of 132 bytes failed: Only part of a ReadProcessMemory or WriteProcessMemory request was completed. (0x12B)
[1005/113041.140:ERROR:process_memory_win.cc(73)] ReadMemory at 0x20535332140 of 132 bytes failed: Only part of a ReadProcessMemory or WriteProcessMemory request was completed. (0x12B)
[1005/113041.264:ERROR:process_memory_win.cc(73)] ReadMemory at 0x20535332270 of 132 bytes failed: Only part of a ReadProcessMemory or WriteProcessMemory request was completed. (0x12B)
[1005/113041.332:ERROR:process_memory_win.cc(73)] ReadMemory at 0x205353323a0 of 132 bytes failed: Only part of a ReadProcessMemory or WriteProcessMemory request was completed. (0x12B)
[1005/113041.332:ERROR:process_memory_win.cc(73)] ReadMemory at 0x205353324d0 of 132 bytes failed: Only part of a ReadProcessMemory or WriteProcessMemory request was completed. (0x12B)
[1005/113041.332:ERROR:process_memory_win.cc(73)] ReadMemory at 0x20535332950 of 132 bytes failed: Only part of a ReadProcessMemory or WriteProcessMemory request was completed. (0x12B)
[1005/113041.332:ERROR:process_memory_win.cc(73)] ReadMemory at 0x20535332bb0 of 132 bytes failed: Only part of a ReadProcessMemory or WriteProcessMemory request was completed. (0x12B)
[1005/113041.332:ERROR:process_memory_win.cc(73)] ReadMemory at 0x20535332e10 of 132 bytes failed: Only part of a ReadProcessMemory or WriteProcessMemory request was completed. (0x12B)
[1005/113041.354:ERROR:process_memory_win.cc(73)] ReadMemory at 0x205353332d0 of 132 bytes failed: Only part of a ReadProcessMemory or WriteProcessMemory request was completed. (0x12B)
[1005/113041.354:ERROR:process_memory_win.cc(73)] ReadMemory at 0x20535333400 of 132 bytes failed: Only part of a ReadProcessMemory or WriteProcessMemory request was completed. (0x12B)
[1005/113041.354:ERROR:process_memory_win.cc(73)] ReadMemory at 0x205353338c0 of 132 bytes failed: Only part of a ReadProcessMemory or WriteProcessMemory request was completed. (0x12B)
[1005/113041.354:ERROR:process_memory_win.cc(73)] ReadMemory at 0x20535333c50 of 132 bytes failed: Only part of a ReadProcessMemory or WriteProcessMemory request was completed. (0x12B)
[1005/113041.354:ERROR:process_memory_win.cc(73)] ReadMemory at 0x20535333fe0 of 132 bytes failed: Only part of a ReadProcessMemory or WriteProcessMemory request was completed. (0x12B)
[1005/113041.354:ERROR:process_memory_win.cc(73)] ReadMemory at 0x20535334370 of 132 bytes failed: Only part of a ReadProcessMemory or WriteProcessMemory request was completed. (0x12B)
[1005/113041.354:ERROR:process_memory_win.cc(73)] ReadMemory at 0x205353345d0 of 132 bytes failed: Only part of a ReadProcessMemory or WriteProcessMemory request was completed. (0x12B)
[1005/113041.354:ERROR:process_memory_win.cc(73)] ReadMemory at 0x20535338ad0 of 132 bytes failed: Only part of a ReadProcessMemory or WriteProcessMemory request was completed. (0x12B)
[1005/113041.354:ERROR:process_memory_win.cc(73)] ReadMemory at 0x2053533d5a0 of 60 bytes failed: Only part of a ReadProcessMemory or WriteProcessMemory request was completed. (0x12B)
[1005/113041.354:ERROR:process_memory_win.cc(73)] ReadMemory at 0x2053533d5f0 of 62 bytes failed: Only part of a ReadProcessMemory or WriteProcessMemory request was completed. (0x12B)
[1005/113041.354:ERROR:process_memory_win.cc(73)] ReadMemory at 0x2053533d640 of 64 bytes failed: Only part of a ReadProcessMemory or WriteProcessMemory request was completed. (0x12B)
[1005/113041.354:ERROR:process_memory_win.cc(73)] ReadMemory at 0x2053533d690 of 58 bytes failed: Only part of a ReadProcessMemory or WriteProcessMemory request was completed. (0x12B)
[1005/113041.354:ERROR:process_memory_win.cc(73)] ReadMemory at 0x2053533d6e0 of 62 bytes failed: Only part of a ReadProcessMemory or WriteProcessMemory request was completed. (0x12B)
[1005/113041.354:ERROR:process_memory_win.cc(73)] ReadMemory at 0x2053533d730 of 62 bytes failed: Only part of a ReadProcessMemory or WriteProcessMemory request was completed. (0x12B)
[1005/113041.354:ERROR:process_memory_win.cc(73)] ReadMemory at 0x2053533d780 of 64 bytes failed: Only part of a ReadProcessMemory or WriteProcessMemory request was completed. (0x12B)
[1005/113041.354:ERROR:process_memory_win.cc(73)] ReadMemory at 0x2053533d820 of 62 bytes failed: Only part of a ReadProcessMemory or WriteProcessMemory request was completed. (0x12B)
[1005/113041.355:ERROR:process_memory_win.cc(73)] ReadMemory at 0x2053533d8c0 of 64 bytes failed: Only part of a ReadProcessMemory or WriteProcessMemory request was completed. (0x12B)
[1005/113041.355:ERROR:process_memory_win.cc(73)] ReadMemory at 0x2053533d960 of 62 bytes failed: Only part of a ReadProcessMemory or WriteProcessMemory request was completed. (0x12B)
[1005/113041.355:ERROR:process_memory_win.cc(73)] ReadMemory at 0x2053533dbe0 of 60 bytes failed: Only part of a ReadProcessMemory or WriteProcessMemory request was completed. (0x12B)
[1005/113041.397:ERROR:process_memory_win.cc(73)] ReadMemory at 0x2053533dc80 of 62 bytes failed: Only part of a ReadProcessMemory or WriteProcessMemory request was completed. (0x12B)
[1005/113041.397:ERROR:process_memory_win.cc(73)] ReadMemory at 0x2053533dcd0 of 66 bytes failed: Only part of a ReadProcessMemory or WriteProcessMemory request was completed. (0x12B)
[1005/113041.397:ERROR:process_memory_win.cc(73)] ReadMemory at 0x2053533dd20 of 62 bytes failed: Only part of a ReadProcessMemory or WriteProcessMemory request was completed. (0x12B)
[1005/113041.397:ERROR:process_memory_win.cc(73)] ReadMemory at 0x2053533dd70 of 64 bytes failed: Only part of a ReadProcessMemory or WriteProcessMemory request was completed. (0x12B)
[1005/113041.397:ERROR:process_memory_win.cc(73)] ReadMemory at 0x2053533de10 of 66 bytes failed: Only part of a ReadProcessMemory or WriteProcessMemory request was completed. (0x12B)
[1005/113041.397:ERROR:process_memory_win.cc(73)] ReadMemory at 0x2053533de60 of 64 bytes failed: Only part of a ReadProcessMemory or WriteProcessMemory request was completed. (0x12B)
[1005/113041.397:ERROR:process_memory_win.cc(73)] ReadMemory at 0x2053533dfa0 of 62 bytes failed: Only part of a ReadProcessMemory or WriteProcessMemory request was completed. (0x12B)
[1005/113041.397:ERROR:process_memory_win.cc(73)] ReadMemory at 0x2053533dff0 of 60 bytes failed: Only part of a ReadProcessMemory or WriteProcessMemory request was completed. (0x12B)
[1005/113041.397:ERROR:process_memory_win.cc(73)] ReadMemory at 0x2053533e090 of 64 bytes failed: Only part of a ReadProcessMemory or WriteProcessMemory request was completed. (0x12B)
[1005/113041.433:ERROR:process_memory_win.cc(73)] ReadMemory at 0x2053533e0e0 of 64 bytes failed: Only part of a ReadProcessMemory or WriteProcessMemory request was completed. (0x12B)
[1005/113041.636:ERROR:process_memory_win.cc(73)] ReadMemory at 0x2053533e180 of 64 bytes failed: Only part of a ReadProcessMemory or WriteProcessMemory request was completed. (0x12B)
[1005/113041.741:ERROR:process_memory_win.cc(73)] ReadMemory at 0x2053533e1d0 of 62 bytes failed: Only part of a ReadProcessMemory or WriteProcessMemory request was completed. (0x12B)
[1005/113041.741:ERROR:process_memory_win.cc(73)] ReadMemory at 0x2053533e2c0 of 60 bytes failed: Only part of a ReadProcessMemory or WriteProcessMemory request was completed. (0x12B)
[1005/113041.741:ERROR:process_memory_win.cc(73)] ReadMemory at 0x2053533e310 of 60 bytes failed: Only part of a ReadProcessMemory or WriteProcessMemory request was completed. (0x12B)
[1005/113041.741:ERROR:process_memory_win.cc(73)] ReadMemory at 0x2053533e5b0 of 132 bytes failed: Only part of a ReadProcessMemory or WriteProcessMemory request was completed. (0x12B)
[1005/113041.741:ERROR:process_memory_win.cc(73)] ReadMemory at 0x2053533f9d0 of 132 bytes failed: Only part of a ReadProcessMemory or WriteProcessMemory request was completed. (0x12B)
[1005/113041.741:ERROR:process_memory_win.cc(73)] ReadMemory at 0x2053533fd30 of 132 bytes failed: Only part of a ReadProcessMemory or WriteProcessMemory request was completed. (0x12B)
[1005/113041.741:ERROR:process_memory_win.cc(73)] ReadMemory at 0x2053533fe60 of 132 bytes failed: Only part of a ReadProcessMemory or WriteProcessMemory request was completed. (0x12B)
[1005/113041.741:ERROR:process_memory_win.cc(73)] ReadMemory at 0x20535341ac0 of 132 bytes failed: Only part of a ReadProcessMemory or WriteProcessMemory request was completed. (0x12B)
[1005/113041.741:ERROR:process_memory_win.cc(73)] ReadMemory at 0x20535341bf0 of 146 bytes failed: Only part of a ReadProcessMemory or WriteProcessMemory request was completed. (0x12B)
[1005/113041.741:ERROR:process_memory_win.cc(73)] ReadMemory at 0x20535343cf0 of 132 bytes failed: Only part of a ReadProcessMemory or WriteProcessMemory request was completed. (0x12B)
[1005/113041.741:ERROR:process_memory_win.cc(73)] ReadMemory at 0x205353459e0 of 76 bytes failed: Only part of a ReadProcessMemory or WriteProcessMemory request was completed. (0x12B)
[1005/113041.741:ERROR:process_memory_win.cc(73)] ReadMemory at 0x20535345aa0 of 80 bytes failed: Only part of a ReadProcessMemory or WriteProcessMemory request was completed. (0x12B)
[1005/113041.929:ERROR:process_memory_win.cc(73)] ReadMemory at 0x205353a58d0 of 512 bytes failed: Only part of a ReadProcessMemory or WriteProcessMemory request was completed. (0x12B)
[1005/113042.025:ERROR:process_memory_win.cc(73)] ReadMemory at 0x205353a8ae0 of 512 bytes failed: Only part of a ReadProcessMemory or WriteProcessMemory request was completed. (0x12B)
[1005/113042.057:ERROR:process_memory_win.cc(73)] ReadMemory at 0x205353b6c70 of 512 bytes failed: Only part of a ReadProcessMemory or WriteProcessMemory request was completed. (0x12B)
[1005/113042.114:ERROR:process_memory_win.cc(73)] ReadMemory at 0x205353b7690 of 512 bytes failed: Only part of a ReadProcessMemory or WriteProcessMemory request was completed. (0x12B)
[1005/113042.114:ERROR:process_memory_win.cc(73)] ReadMemory at 0x205353dccf0 of 512 bytes failed: Only part of a ReadProcessMemory or WriteProcessMemory request was completed. (0x12B)
[1005/113042.114:ERROR:process_memory_win.cc(73)] ReadMemory at 0x205353ded10 of 512 bytes failed: Only part of a ReadProcessMemory or WriteProcessMemory request was completed. (0x12B)
[1005/113042.114:ERROR:process_memory_win.cc(73)] ReadMemory at 0x205353e3380 of 512 bytes failed: Only part of a ReadProcessMemory or WriteProcessMemory request was completed. (0x12B)
[1005/113042.114:ERROR:process_memory_win.cc(73)] ReadMemory at 0x205353ee230 of 512 bytes failed: Only part of a ReadProcessMemory or WriteProcessMemory request was completed. (0x12B)
[1005/113042.114:ERROR:process_memory_win.cc(73)] ReadMemory at 0x205353f64a0 of 712 bytes failed: Only part of a ReadProcessMemory or WriteProcessMemory request was completed. (0x12B)
[1005/113042.114:ERROR:process_memory_win.cc(73)] ReadMemory at 0x205353f8338 of 512 bytes failed: Only part of a ReadProcessMemory or WriteProcessMemory request was completed. (0x12B)
[1005/113042.114:ERROR:process_memory_win.cc(73)] ReadMemory at 0x20535409c50 of 512 bytes failed: Only part of a ReadProcessMemory or WriteProcessMemory request was completed. (0x12B)
[1005/113042.114:ERROR:process_memory_win.cc(73)] ReadMemory at 0x205354e25c0 of 512 bytes failed: Only part of a ReadProcessMemory or WriteProcessMemory request was completed. (0x12B)
[1005/113042.114:ERROR:process_memory_win.cc(73)] ReadMemory at 0x20536c65fb0 of 512 bytes failed: Only part of a ReadProcessMemory or WriteProcessMemory request was completed. (0x12B)
[1005/113042.114:ERROR:process_memory_win.cc(73)] ReadMemory at 0x20536d5e404 of 1040 bytes failed: Only part of a ReadProcessMemory or WriteProcessMemory request was completed. (0x12B)
[1005/113042.114:ERROR:process_memory_win.cc(73)] ReadMemory at 0x20537a50a10 of 512 bytes failed: Only part of a ReadProcessMemory or WriteProcessMemory request was completed. (0x12B)
[1005/113042.114:ERROR:process_memory_win.cc(73)] ReadMemory at 0x2053c4f3240 of 512 bytes failed: Only part of a ReadProcessMemory or WriteProcessMemory request was completed. (0x12B)
[1005/113042.115:ERROR:process_memory_win.cc(73)] ReadMemory at 0x2053c4f3a50 of 560 bytes failed: Only part of a ReadProcessMemory or WriteProcessMemory request was completed. (0x12B)
[1005/113042.115:ERROR:process_memory_win.cc(73)] ReadMemory at 0x2053e5a6aa0 of 512 bytes failed: Only part of a ReadProcessMemory or WriteProcessMemory request was completed. (0x12B)
[1005/113042.115:ERROR:process_memory_win.cc(73)] ReadMemory at 0x2053e925af0 of 512 bytes failed: Only part of a ReadProcessMemory or WriteProcessMemory request was completed. (0x12B)
[1005/113042.115:ERROR:process_memory_win.cc(73)] ReadMemory at 0x2053f00ded0 of 512 bytes failed: Only part of a ReadProcessMemory or WriteProcessMemory request was completed. (0x12B)
[1005/113042.115:ERROR:process_memory_win.cc(73)] ReadMemory at 0x179306ec7f80 of 128 bytes failed: Only part of a ReadProcessMemory or WriteProcessMemory request was completed. (0x12B)
[1005/113042.115:ERROR:process_memory_win.cc(73)] ReadMemory at 0x7ff813c31f80 of 512 bytes failed: Only part of a ReadProcessMemory or WriteProcessMemory request was completed. (0x12B)
[1005/113042.165:ERROR:process_memory_win.cc(73)] ReadMemory at 0x7ff814efc074 of 672 bytes failed: Only part of a ReadProcessMemory or WriteProcessMemory request was completed. (0x12B)
[1005/113042.165:ERROR:process_memory_win.cc(73)] ReadMemory at 0x7ff814eff924 of 608 bytes failed: Only part of a ReadProcessMemory or WriteProcessMemory request was completed. (0x12B)
[1005/113042.165:ERROR:process_memory_win.cc(73)] ReadMemory at 0x7ff814f8c428 of 18 bytes failed: Only part of a ReadProcessMemory or WriteProcessMemory request was completed. (0x12B)
[1005/113042.166:ERROR:process_memory_win.cc(73)] ReadMemory at 0x7ff814fbf4f8 of 40 bytes failed: Only part of a ReadProcessMemory or WriteProcessMemory request was completed. (0x12B)
[1005/113042.166:ERROR:process_memory_win.cc(73)] ReadMemory at 0x7ff814fbf978 of 48 bytes failed: Only part of a ReadProcessMemory or WriteProcessMemory request was completed. (0x12B)
[1005/113042.166:ERROR:process_memory_win.cc(73)] ReadMemory at 0x7ff814fc53c0 of 64 bytes failed: Only part of a ReadProcessMemory or WriteProcessMemory request was completed. (0x12B)
[1005/113042.166:ERROR:process_memory_win.cc(73)] ReadMemory at 0x7fffb8747971 of 512 bytes failed: Only part of a ReadProcessMemory or WriteProcessMemory request was completed. (0x12B)
[1005/113042.166:ERROR:process_memory_win.cc(73)] ReadMemory at 0x7fffbded9680 of 512 bytes failed: Only part of a ReadProcessMemory or WriteProcessMemory request was completed. (0x12B)
[1005/113042.223:ERROR:process_memory_win.cc(73)] ReadMemory at 0x7fffcbc65160 of 512 bytes failed: Only part of a ReadProcessMemory or WriteProcessMemory request was completed. (0x12B)
[1005/113042.223:ERROR:process_memory_win.cc(73)] ReadMemory at 0x7fffcbc65867 of 512 bytes failed: Only part of a ReadProcessMemory or WriteProcessMemory request was completed. (0x12B)
[1005/113042.555:ERROR:scoped_process_suspend.cc(40)] NtResumeProcess: An attempt was made to access an exiting process. (0xc000010a)
[1005/162843.803:ERROR:process_memory_win.cc(73)] ReadMemory at 0x56a59fc000 of 16384 bytes failed: Only part of a ReadProcessMemory or WriteProcessMemory request was completed. (0x12B)
[1005/162843.938:ERROR:process_memory_win.cc(73)] ReadMemory at 0x56a61fc000 of 16384 bytes failed: Only part of a ReadProcessMemory or WriteProcessMemory request was completed. (0x12B)
[1005/162843.938:ERROR:process_memory_win.cc(73)] ReadMemory at 0x56a69fe000 of 8192 bytes failed: Only part of a ReadProcessMemory or WriteProcessMemory request was completed. (0x12B)
[1005/162843.938:ERROR:process_memory_win.cc(73)] ReadMemory at 0x56a71fd000 of 12288 bytes failed: Only part of a ReadProcessMemory or WriteProcessMemory request was completed. (0x12B)
[1005/162843.938:ERROR:process_memory_win.cc(73)] ReadMemory at 0x56a79fb000 of 20480 bytes failed: Only part of a ReadProcessMemory or WriteProcessMemory request was completed. (0x12B)
[1005/162843.938:ERROR:process_memory_win.cc(73)] ReadMemory at 0x56a89fd000 of 12288 bytes failed: Only part of a ReadProcessMemory or WriteProcessMemory request was completed. (0x12B)
[1005/162843.938:ERROR:process_memory_win.cc(73)] ReadMemory at 0x56a91f8000 of 32768 bytes failed: Only part of a ReadProcessMemory or WriteProcessMemory request was completed. (0x12B)
[1005/162843.985:ERROR:process_memory_win.cc(73)] ReadMemory at 0x56a99f8000 of 32768 bytes failed: Only part of a ReadProcessMemory or WriteProcessMemory request was completed. (0x12B)
[1005/162843.985:ERROR:process_memory_win.cc(73)] ReadMemory at 0x56aa1f8000 of 32768 bytes failed: Only part of a ReadProcessMemory or WriteProcessMemory request was completed. (0x12B)
[1005/162843.985:ERROR:process_memory_win.cc(73)] ReadMemory at 0x56aa9f8000 of 32768 bytes failed: Only part of a ReadProcessMemory or WriteProcessMemory request was completed. (0x12B)
[1005/162843.985:ERROR:process_memory_win.cc(73)] ReadMemory at 0x56ab1fb000 of 20480 bytes failed: Only part of a ReadProcessMemory or WriteProcessMemory request was completed. (0x12B)
[1005/162843.985:ERROR:process_memory_win.cc(73)] ReadMemory at 0x56a81fd000 of 12288 bytes failed: Only part of a ReadProcessMemory or WriteProcessMemory request was completed. (0x12B)
[1005/162843.985:ERROR:process_memory_win.cc(73)] ReadMemory at 0x56ab9fd000 of 12288 bytes failed: Only part of a ReadProcessMemory or WriteProcessMemory request was completed. (0x12B)
[1005/162843.985:ERROR:process_memory_win.cc(73)] ReadMemory at 0x56ad9fd000 of 12288 bytes failed: Only part of a ReadProcessMemory or WriteProcessMemory request was completed. (0x12B)
[1005/162843.985:ERROR:process_memory_win.cc(73)] ReadMemory at 0x56a51ff000 of 4096 bytes failed: Only part of a ReadProcessMemory or WriteProcessMemory request was completed. (0x12B)
[1005/162843.985:ERROR:process_memory_win.cc(73)] ReadMemory at 0x56a384c000 of 852 bytes failed: Only part of a ReadProcessMemory or WriteProcessMemory request was completed. (0x12B)
[1005/162843.985:ERROR:process_memory_win.cc(73)] ReadMemory at 0x56a384d000 of 6024 bytes failed: Only part of a ReadProcessMemory or WriteProcessMemory request was completed. (0x12B)
[1005/162843.985:ERROR:process_memory_win.cc(73)] ReadMemory at 0x56a384f000 of 6024 bytes failed: Only part of a ReadProcessMemory or WriteProcessMemory request was completed. (0x12B)
[1005/162843.985:ERROR:process_memory_win.cc(73)] ReadMemory at 0x56a3853000 of 6024 bytes failed: Only part of a ReadProcessMemory or WriteProcessMemory request was completed. (0x12B)
[1005/162843.985:ERROR:process_memory_win.cc(73)] ReadMemory at 0x56a3855000 of 6024 bytes failed: Only part of a ReadProcessMemory or WriteProcessMemory request was completed. (0x12B)
[1005/162843.985:ERROR:process_memory_win.cc(73)] ReadMemory at 0x56a3857000 of 6024 bytes failed: Only part of a ReadProcessMemory or WriteProcessMemory request was completed. (0x12B)
[1005/162843.985:ERROR:process_memory_win.cc(73)] ReadMemory at 0x56a3859000 of 6024 bytes failed: Only part of a ReadProcessMemory or WriteProcessMemory request was completed. (0x12B)
[1005/162843.985:ERROR:process_memory_win.cc(73)] ReadMemory at 0x56a385b000 of 6024 bytes failed: Only part of a ReadProcessMemory or WriteProcessMemory request was completed. (0x12B)
[1005/162843.985:ERROR:process_memory_win.cc(73)] ReadMemory at 0x56a385f000 of 6024 bytes failed: Only part of a ReadProcessMemory or WriteProcessMemory request was completed. (0x12B)
[1005/162843.985:ERROR:process_memory_win.cc(73)] ReadMemory at 0x56a3861000 of 6024 bytes failed: Only part of a ReadProcessMemory or WriteProcessMemory request was completed. (0x12B)
[1005/162843.985:ERROR:process_memory_win.cc(73)] ReadMemory at 0x56a3863000 of 6024 bytes failed: Only part of a ReadProcessMemory or WriteProcessMemory request was completed. (0x12B)
[1005/162843.985:ERROR:process_memory_win.cc(73)] ReadMemory at 0x56a3865000 of 6024 bytes failed: Only part of a ReadProcessMemory or WriteProcessMemory request was completed. (0x12B)
[1005/162843.985:ERROR:process_memory_win.cc(73)] ReadMemory at 0x56a3867000 of 6024 bytes failed: Only part of a ReadProcessMemory or WriteProcessMemory request was completed. (0x12B)
[1005/162843.985:ERROR:process_memory_win.cc(73)] ReadMemory at 0x56a3869000 of 6024 bytes failed: Only part of a ReadProcessMemory or WriteProcessMemory request was completed. (0x12B)
[1005/162843.986:ERROR:process_memory_win.cc(73)] ReadMemory at 0x56a3877000 of 6024 bytes failed: Only part of a ReadProcessMemory or WriteProcessMemory request was completed. (0x12B)
[1005/162843.986:ERROR:process_memory_win.cc(73)] ReadMemory at 0x56a38af000 of 6024 bytes failed: Only part of a ReadProcessMemory or WriteProcessMemory request was completed. (0x12B)
[1005/162843.986:ERROR:process_memory_win.cc(73)] ReadMemory at 0x56a38b7000 of 6024 bytes failed: Only part of a ReadProcessMemory or WriteProcessMemory request was completed. (0x12B)
[1005/162843.986:ERROR:process_memory_win.cc(73)] ReadMemory at 0x56a38bb000 of 6024 bytes failed: Only part of a ReadProcessMemory or WriteProcessMemory request was completed. (0x12B)
[1005/162843.986:ERROR:process_memory_win.cc(73)] ReadMemory at 0x15a01453490 of 512 bytes failed: Only part of a ReadProcessMemory or WriteProcessMemory request was completed. (0x12B)
[1005/162843.986:ERROR:process_memory_win.cc(73)] ReadMemory at 0x15a0154e232 of 1090 bytes failed: Only part of a ReadProcessMemory or WriteProcessMemory request was completed. (0x12B)
[1005/162843.986:ERROR:process_memory_win.cc(73)] ReadMemory at 0x15a016088d0 of 512 bytes failed: Only part of a ReadProcessMemory or WriteProcessMemory request was completed. (0x12B)
[1005/162843.986:ERROR:process_memory_win.cc(73)] ReadMemory at 0x15a01684fe0 of 512 bytes failed: Only part of a ReadProcessMemory or WriteProcessMemory request was completed. (0x12B)
[1005/162843.986:ERROR:process_memory_win.cc(73)] ReadMemory at 0x15a016d6c40 of 512 bytes failed: Only part of a ReadProcessMemory or WriteProcessMemory request was completed. (0x12B)
[1005/162843.986:ERROR:process_memory_win.cc(73)] ReadMemory at 0x15a02f51e20 of 512 bytes failed: Only part of a ReadProcessMemory or WriteProcessMemory request was completed. (0x12B)
[1005/162843.986:ERROR:process_memory_win.cc(73)] ReadMemory at 0x15a0bd814a0 of 512 bytes failed: Only part of a ReadProcessMemory or WriteProcessMemory request was completed. (0x12B)
[1005/162843.986:ERROR:process_memory_win.cc(73)] ReadMemory at 0x15a1a83af20 of 512 bytes failed: Only part of a ReadProcessMemory or WriteProcessMemory request was completed. (0x12B)
[1005/162843.986:ERROR:process_memory_win.cc(73)] ReadMemory at 0x15a1cc65d70 of 528 bytes failed: Only part of a ReadProcessMemory or WriteProcessMemory request was completed. (0x12B)
[1005/162843.986:ERROR:process_memory_win.cc(73)] ReadMemory at 0x15a273c7bb0 of 512 bytes failed: Only part of a ReadProcessMemory or WriteProcessMemory request was completed. (0x12B)
[1005/162843.986:ERROR:process_memory_win.cc(73)] ReadMemory at 0x15a7b5e0000 of 384 bytes failed: Only part of a ReadProcessMemory or WriteProcessMemory request was completed. (0x12B)
[1005/162843.987:ERROR:process_memory_win.cc(73)] ReadMemory at 0x15a7b5e0fe0 of 23468 bytes failed: Only part of a ReadProcessMemory or WriteProcessMemory request was completed. (0x12B)
[1005/162843.987:ERROR:process_memory_win.cc(73)] ReadMemory at 0x15a7b5e6ba0 of 1012 bytes failed: Only part of a ReadProcessMemory or WriteProcessMemory request was completed. (0x12B)
[1005/162844.063:ERROR:process_memory_win.cc(73)] ReadMemory at 0x15a7b5e71e8 of 118 bytes failed: Only part of a ReadProcessMemory or WriteProcessMemory request was completed. (0x12B)
[1005/162844.063:ERROR:process_memory_win.cc(73)] ReadMemory at 0x15a7b5e7260 of 1048 bytes failed: Only part of a ReadProcessMemory or WriteProcessMemory request was completed. (0x12B)
[1005/162844.063:ERROR:process_memory_win.cc(73)] ReadMemory at 0x15a7b5e767a of 118 bytes failed: Only part of a ReadProcessMemory or WriteProcessMemory request was completed. (0x12B)
[1005/162844.063:ERROR:process_memory_win.cc(73)] ReadMemory at 0x15a7b5e76f2 of 100 bytes failed: Only part of a ReadProcessMemory or WriteProcessMemory request was completed. (0x12B)
[1005/162844.063:ERROR:process_memory_win.cc(73)] ReadMemory at 0x15a7b5e7770 of 58 bytes failed: Only part of a ReadProcessMemory or WriteProcessMemory request was completed. (0x12B)
[1005/162844.063:ERROR:process_memory_win.cc(73)] ReadMemory at 0x15a7b5e7870 of 132 bytes failed: Only part of a ReadProcessMemory or WriteProcessMemory request was completed. (0x12B)
[1005/162844.063:ERROR:process_memory_win.cc(73)] ReadMemory at 0x15a7b5e7a00 of 132 bytes failed: Only part of a ReadProcessMemory or WriteProcessMemory request was completed. (0x12B)
[1005/162844.063:ERROR:process_memory_win.cc(73)] ReadMemory at 0x15a7b5e7bc0 of 126 bytes failed: Only part of a ReadProcessMemory or WriteProcessMemory request was completed. (0x12B)
[1005/162844.063:ERROR:process_memory_win.cc(73)] ReadMemory at 0x15a7b5e7fa0 of 132 bytes failed: Only part of a ReadProcessMemory or WriteProcessMemory request was completed. (0x12B)
[1005/162844.063:ERROR:process_memory_win.cc(73)] ReadMemory at 0x15a7b5e8130 of 64 bytes failed: Only part of a ReadProcessMemory or WriteProcessMemory request was completed. (0x12B)
[1005/162844.063:ERROR:process_memory_win.cc(73)] ReadMemory at 0x15a7b5e82f0 of 132 bytes failed: Only part of a ReadProcessMemory or WriteProcessMemory request was completed. (0x12B)
[1005/162844.063:ERROR:process_memory_win.cc(73)] ReadMemory at 0x15a7b5e8590 of 132 bytes failed: Only part of a ReadProcessMemory or WriteProcessMemory request was completed. (0x12B)
[1005/162844.063:ERROR:process_memory_win.cc(73)] ReadMemory at 0x15a7b5e8720 of 68 bytes failed: Only part of a ReadProcessMemory or WriteProcessMemory request was completed. (0x12B)
[1005/162844.063:ERROR:process_memory_win.cc(73)] ReadMemory at 0x15a7b5e9880 of 132 bytes failed: Only part of a ReadProcessMemory or WriteProcessMemory request was completed. (0x12B)
[1005/162844.063:ERROR:process_memory_win.cc(73)] ReadMemory at 0x15a7b5e9a10 of 154 bytes failed: Only part of a ReadProcessMemory or WriteProcessMemory request was completed. (0x12B)
[1005/162844.063:ERROR:process_memory_win.cc(73)] ReadMemory at 0x15a7b5ea820 of 62 bytes failed: Only part of a ReadProcessMemory or WriteProcessMemory request was completed. (0x12B)
[1005/162844.063:ERROR:process_memory_win.cc(73)] ReadMemory at 0x15a7b5ea980 of 132 bytes failed: Only part of a ReadProcessMemory or WriteProcessMemory request was completed. (0x12B)
[1005/162844.064:ERROR:process_memory_win.cc(73)] ReadMemory at 0x15a7b5eab10 of 60 bytes failed: Only part of a ReadProcessMemory or WriteProcessMemory request was completed. (0x12B)
[1005/162844.064:ERROR:process_memory_win.cc(73)] ReadMemory at 0x15a7b5fa990 of 62 bytes failed: Only part of a ReadProcessMemory or WriteProcessMemory request was completed. (0x12B)
[1005/162844.064:ERROR:process_memory_win.cc(73)] ReadMemory at 0x15a7b5fadf0 of 62 bytes failed: Only part of a ReadProcessMemory or WriteProcessMemory request was completed. (0x12B)
[1005/162844.064:ERROR:process_memory_win.cc(73)] ReadMemory at 0x15a7b5fb6b0 of 60 bytes failed: Only part of a ReadProcessMemory or WriteProcessMemory request was completed. (0x12B)
[1005/162844.064:ERROR:process_memory_win.cc(73)] ReadMemory at 0x15a7b5fbb40 of 54 bytes failed: Only part of a ReadProcessMemory or WriteProcessMemory request was completed. (0x12B)
[1005/162844.064:ERROR:process_memory_win.cc(73)] ReadMemory at 0x15a7b5fe8f0 of 80 bytes failed: Only part of a ReadProcessMemory or WriteProcessMemory request was completed. (0x12B)
[1005/162844.064:ERROR:process_memory_win.cc(73)] ReadMemory at 0x15a7b600e90 of 132 bytes failed: Only part of a ReadProcessMemory or WriteProcessMemory request was completed. (0x12B)
[1005/162844.064:ERROR:process_memory_win.cc(73)] ReadMemory at 0x15a7b600fc0 of 132 bytes failed: Only part of a ReadProcessMemory or WriteProcessMemory request was completed. (0x12B)
[1005/162844.064:ERROR:process_memory_win.cc(73)] ReadMemory at 0x15a7b601200 of 132 bytes failed: Only part of a ReadProcessMemory or WriteProcessMemory request was completed. (0x12B)
[1005/162844.064:ERROR:process_memory_win.cc(73)] ReadMemory at 0x15a7b6014b0 of 132 bytes failed: Only part of a ReadProcessMemory or WriteProcessMemory request was completed. (0x12B)
[1005/162844.064:ERROR:process_memory_win.cc(73)] ReadMemory at 0x15a7b6015e0 of 132 bytes failed: Only part of a ReadProcessMemory or WriteProcessMemory request was completed. (0x12B)
[1005/162844.064:ERROR:process_memory_win.cc(73)] ReadMemory at 0x15a7b601710 of 132 bytes failed: Only part of a ReadProcessMemory or WriteProcessMemory request was completed. (0x12B)
[1005/162844.064:ERROR:process_memory_win.cc(73)] ReadMemory at 0x15a7b601840 of 132 bytes failed: Only part of a ReadProcessMemory or WriteProcessMemory request was completed. (0x12B)
[1005/162844.064:ERROR:process_memory_win.cc(73)] ReadMemory at 0x15a7b601970 of 132 bytes failed: Only part of a ReadProcessMemory or WriteProcessMemory request was completed. (0x12B)
[1005/162844.064:ERROR:process_memory_win.cc(73)] ReadMemory at 0x15a7b601aa0 of 132 bytes failed: Only part of a ReadProcessMemory or WriteProcessMemory request was completed. (0x12B)
[1005/162844.064:ERROR:process_memory_win.cc(73)] ReadMemory at 0x15a7b601bd0 of 132 bytes failed: Only part of a ReadProcessMemory or WriteProcessMemory request was completed. (0x12B)
[1005/162844.064:ERROR:process_memory_win.cc(73)] ReadMemory at 0x15a7b601d00 of 132 bytes failed: Only part of a ReadProcessMemory or WriteProcessMemory request was completed. (0x12B)
[1005/162844.064:ERROR:process_memory_win.cc(73)] ReadMemory at 0x15a7b601e30 of 132 bytes failed: Only part of a ReadProcessMemory or WriteProcessMemory request was completed. (0x12B)
[1005/162844.064:ERROR:process_memory_win.cc(73)] ReadMemory at 0x15a7b601f60 of 132 bytes failed: Only part of a ReadProcessMemory or WriteProcessMemory request was completed. (0x12B)
[1005/162844.064:ERROR:process_memory_win.cc(73)] ReadMemory at 0x15a7b602090 of 132 bytes failed: Only part of a ReadProcessMemory or WriteProcessMemory request was completed. (0x12B)
[1005/162844.082:ERROR:process_memory_win.cc(73)] ReadMemory at 0x15a7b6021c0 of 132 bytes failed: Only part of a ReadProcessMemory or WriteProcessMemory request was completed. (0x12B)
[1005/162844.082:ERROR:process_memory_win.cc(73)] ReadMemory at 0x15a7b607810 of 132 bytes failed: Only part of a ReadProcessMemory or WriteProcessMemory request was completed. (0x12B)
[1005/162844.082:ERROR:process_memory_win.cc(73)] ReadMemory at 0x15a7b607940 of 132 bytes failed: Only part of a ReadProcessMemory or WriteProcessMemory request was completed. (0x12B)
[1005/162844.082:ERROR:process_memory_win.cc(73)] ReadMemory at 0x15a7b6085c0 of 132 bytes failed: Only part of a ReadProcessMemory or WriteProcessMemory request was completed. (0x12B)
[1005/162844.111:ERROR:process_memory_win.cc(73)] ReadMemory at 0x15a7b60d1f0 of 132 bytes failed: Only part of a ReadProcessMemory or WriteProcessMemory request was completed. (0x12B)
[1005/162844.111:ERROR:process_memory_win.cc(73)] ReadMemory at 0x15a7b60d460 of 60 bytes failed: Only part of a ReadProcessMemory or WriteProcessMemory request was completed. (0x12B)
[1005/162844.111:ERROR:process_memory_win.cc(73)] ReadMemory at 0x15a7b60d500 of 62 bytes failed: Only part of a ReadProcessMemory or WriteProcessMemory request was completed. (0x12B)
[1005/162844.111:ERROR:process_memory_win.cc(73)] ReadMemory at 0x15a7b60d640 of 62 bytes failed: Only part of a ReadProcessMemory or WriteProcessMemory request was completed. (0x12B)
[1005/162844.111:ERROR:process_memory_win.cc(73)] ReadMemory at 0x15a7b60d690 of 58 bytes failed: Only part of a ReadProcessMemory or WriteProcessMemory request was completed. (0x12B)
[1005/162844.111:ERROR:process_memory_win.cc(73)] ReadMemory at 0x15a7b60d730 of 62 bytes failed: Only part of a ReadProcessMemory or WriteProcessMemory request was completed. (0x12B)
[1005/162844.111:ERROR:process_memory_win.cc(73)] ReadMemory at 0x15a7b60d7d0 of 62 bytes failed: Only part of a ReadProcessMemory or WriteProcessMemory request was completed. (0x12B)
[1005/162844.111:ERROR:process_memory_win.cc(73)] ReadMemory at 0x15a7b60d820 of 60 bytes failed: Only part of a ReadProcessMemory or WriteProcessMemory request was completed. (0x12B)
[1005/162844.111:ERROR:process_memory_win.cc(73)] ReadMemory at 0x15a7b60d870 of 66 bytes failed: Only part of a ReadProcessMemory or WriteProcessMemory request was completed. (0x12B)
[1005/162844.111:ERROR:process_memory_win.cc(73)] ReadMemory at 0x15a7b60d8c0 of 64 bytes failed: Only part of a ReadProcessMemory or WriteProcessMemory request was completed. (0x12B)
[1005/162844.111:ERROR:process_memory_win.cc(73)] ReadMemory at 0x15a7b60d910 of 64 bytes failed: Only part of a ReadProcessMemory or WriteProcessMemory request was completed. (0x12B)
[1005/162844.111:ERROR:process_memory_win.cc(73)] ReadMemory at 0x15a7b60da00 of 60 bytes failed: Only part of a ReadProcessMemory or WriteProcessMemory request was completed. (0x12B)
[1005/162844.111:ERROR:process_memory_win.cc(73)] ReadMemory at 0x15a7b60da50 of 64 bytes failed: Only part of a ReadProcessMemory or WriteProcessMemory request was completed. (0x12B)
[1005/162844.111:ERROR:process_memory_win.cc(73)] ReadMemory at 0x15a7b60daf0 of 66 bytes failed: Only part of a ReadProcessMemory or WriteProcessMemory request was completed. (0x12B)
[1005/162844.111:ERROR:process_memory_win.cc(73)] ReadMemory at 0x15a7b60dc80 of 64 bytes failed: Only part of a ReadProcessMemory or WriteProcessMemory request was completed. (0x12B)
[1005/162844.112:ERROR:process_memory_win.cc(73)] ReadMemory at 0x15a7b60dd20 of 60 bytes failed: Only part of a ReadProcessMemory or WriteProcessMemory request was completed. (0x12B)
[1005/162844.112:ERROR:process_memory_win.cc(73)] ReadMemory at 0x15a7b60de60 of 62 bytes failed: Only part of a ReadProcessMemory or WriteProcessMemory request was completed. (0x12B)
[1005/162844.189:ERROR:process_memory_win.cc(73)] ReadMemory at 0x15a7b60e040 of 64 bytes failed: Only part of a ReadProcessMemory or WriteProcessMemory request was completed. (0x12B)
[1005/162844.189:ERROR:process_memory_win.cc(73)] ReadMemory at 0x15a7b60e090 of 62 bytes failed: Only part of a ReadProcessMemory or WriteProcessMemory request was completed. (0x12B)
[1005/162844.189:ERROR:process_memory_win.cc(73)] ReadMemory at 0x15a7b60e0e0 of 64 bytes failed: Only part of a ReadProcessMemory or WriteProcessMemory request was completed. (0x12B)
[1005/162844.189:ERROR:process_memory_win.cc(73)] ReadMemory at 0x15a7b60e1d0 of 62 bytes failed: Only part of a ReadProcessMemory or WriteProcessMemory request was completed. (0x12B)
[1005/162844.189:ERROR:process_memory_win.cc(73)] ReadMemory at 0x15a7b60e270 of 60 bytes failed: Only part of a ReadProcessMemory or WriteProcessMemory request was completed. (0x12B)
[1005/162844.189:ERROR:process_memory_win.cc(73)] ReadMemory at 0x15a7b60e2c0 of 64 bytes failed: Only part of a ReadProcessMemory or WriteProcessMemory request was completed. (0x12B)
[1005/162844.189:ERROR:process_memory_win.cc(73)] ReadMemory at 0x15a7b60e310 of 64 bytes failed: Only part of a ReadProcessMemory or WriteProcessMemory request was completed. (0x12B)
[1005/162844.189:ERROR:process_memory_win.cc(73)] ReadMemory at 0x15a7b60e360 of 62 bytes failed: Only part of a ReadProcessMemory or WriteProcessMemory request was completed. (0x12B)
[1005/162844.189:ERROR:process_memory_win.cc(73)] ReadMemory at 0x15a7b60e7f0 of 146 bytes failed: Only part of a ReadProcessMemory or WriteProcessMemory request was completed. (0x12B)
[1005/162844.189:ERROR:process_memory_win.cc(73)] ReadMemory at 0x15a7b60fbe0 of 132 bytes failed: Only part of a ReadProcessMemory or WriteProcessMemory request was completed. (0x12B)
[1005/162844.189:ERROR:process_memory_win.cc(73)] ReadMemory at 0x15a7b60ff40 of 132 bytes failed: Only part of a ReadProcessMemory or WriteProcessMemory request was completed. (0x12B)
[1005/162844.189:ERROR:process_memory_win.cc(73)] ReadMemory at 0x15a7b610150 of 132 bytes failed: Only part of a ReadProcessMemory or WriteProcessMemory request was completed. (0x12B)
[1005/162844.189:ERROR:process_memory_win.cc(73)] ReadMemory at 0x15a7b6137a0 of 132 bytes failed: Only part of a ReadProcessMemory or WriteProcessMemory request was completed. (0x12B)
[1005/162844.189:ERROR:process_memory_win.cc(73)] ReadMemory at 0x15a7b613d90 of 132 bytes failed: Only part of a ReadProcessMemory or WriteProcessMemory request was completed. (0x12B)
[1005/162844.189:ERROR:process_memory_win.cc(73)] ReadMemory at 0x15a7b613ec0 of 132 bytes failed: Only part of a ReadProcessMemory or WriteProcessMemory request was completed. (0x12B)
[1005/162844.189:ERROR:process_memory_win.cc(73)] ReadMemory at 0x15a7b614710 of 132 bytes failed: Only part of a ReadProcessMemory or WriteProcessMemory request was completed. (0x12B)
[1005/162844.190:ERROR:process_memory_win.cc(73)] ReadMemory at 0x15a7b614840 of 132 bytes failed: Only part of a ReadProcessMemory or WriteProcessMemory request was completed. (0x12B)
[1005/162844.190:ERROR:process_memory_win.cc(73)] ReadMemory at 0x15a7b614970 of 132 bytes failed: Only part of a ReadProcessMemory or WriteProcessMemory request was completed. (0x12B)
[1005/162844.190:ERROR:process_memory_win.cc(73)] ReadMemory at 0x15a7b614aa0 of 132 bytes failed: Only part of a ReadProcessMemory or WriteProcessMemory request was completed. (0x12B)
[1005/162844.190:ERROR:process_memory_win.cc(73)] ReadMemory at 0x15a7b614bd0 of 132 bytes failed: Only part of a ReadProcessMemory or WriteProcessMemory request was completed. (0x12B)
[1005/162844.190:ERROR:process_memory_win.cc(73)] ReadMemory at 0x15a7b614d00 of 132 bytes failed: Only part of a ReadProcessMemory or WriteProcessMemory request was completed. (0x12B)
[1005/162844.190:ERROR:process_memory_win.cc(73)] ReadMemory at 0x15a7b614f60 of 132 bytes failed: Only part of a ReadProcessMemory or WriteProcessMemory request was completed. (0x12B)
[1005/162844.190:ERROR:process_memory_win.cc(73)] ReadMemory at 0x15a7b615720 of 80 bytes failed: Only part of a ReadProcessMemory or WriteProcessMemory request was completed. (0x12B)
[1005/162844.190:ERROR:process_memory_win.cc(73)] ReadMemory at 0x15a7b6162c0 of 76 bytes failed: Only part of a ReadProcessMemory or WriteProcessMemory request was completed. (0x12B)
[1005/162844.190:ERROR:process_memory_win.cc(73)] ReadMemory at 0x15a7b61c970 of 512 bytes failed: Only part of a ReadProcessMemory or WriteProcessMemory request was completed. (0x12B)
[1005/162844.190:ERROR:process_memory_win.cc(73)] ReadMemory at 0x15a7b678ca0 of 512 bytes failed: Only part of a ReadProcessMemory or WriteProcessMemory request was completed. (0x12B)
[1005/162844.190:ERROR:process_memory_win.cc(73)] ReadMemory at 0x15a7b683710 of 512 bytes failed: Only part of a ReadProcessMemory or WriteProcessMemory request was completed. (0x12B)
[1005/162844.190:ERROR:process_memory_win.cc(73)] ReadMemory at 0x15a7b686e80 of 512 bytes failed: Only part of a ReadProcessMemory or WriteProcessMemory request was completed. (0x12B)
[1005/162844.215:ERROR:process_memory_win.cc(73)] ReadMemory at 0x15a7b6aa380 of 512 bytes failed: Only part of a ReadProcessMemory or WriteProcessMemory request was completed. (0x12B)
[1005/162844.215:ERROR:process_memory_win.cc(73)] ReadMemory at 0x15a7b6b0970 of 512 bytes failed: Only part of a ReadProcessMemory or WriteProcessMemory request was completed. (0x12B)
[1005/162844.242:ERROR:process_memory_win.cc(73)] ReadMemory at 0x15a7b6c13c0 of 712 bytes failed: Only part of a ReadProcessMemory or WriteProcessMemory request was completed. (0x12B)
[1005/162844.242:ERROR:process_memory_win.cc(73)] ReadMemory at 0x15a7b7c0d60 of 512 bytes failed: Only part of a ReadProcessMemory or WriteProcessMemory request was completed. (0x12B)
[1005/162844.242:ERROR:process_memory_win.cc(73)] ReadMemory at 0x15a7b7c2800 of 512 bytes failed: Only part of a ReadProcessMemory or WriteProcessMemory request was completed. (0x12B)
[1005/162844.242:ERROR:process_memory_win.cc(73)] ReadMemory at 0x1eac0da45c38 of 512 bytes failed: Only part of a ReadProcessMemory or WriteProcessMemory request was completed. (0x12B)
[1005/162844.242:ERROR:process_memory_win.cc(73)] ReadMemory at 0x67980f87dc18 of 512 bytes failed: Only part of a ReadProcessMemory or WriteProcessMemory request was completed. (0x12B)
[1005/162844.242:ERROR:process_memory_win.cc(73)] ReadMemory at 0x7ff813c31f80 of 512 bytes failed: Only part of a ReadProcessMemory or WriteProcessMemory request was completed. (0x12B)
[1005/162844.242:ERROR:process_memory_win.cc(73)] ReadMemory at 0x7ff814ea0753 of 512 bytes failed: Only part of a ReadProcessMemory or WriteProcessMemory request was completed. (0x12B)
[1005/162844.261:ERROR:process_memory_win.cc(73)] ReadMemory at 0x7ff814efc074 of 672 bytes failed: Only part of a ReadProcessMemory or WriteProcessMemory request was completed. (0x12B)
[1005/162844.261:ERROR:process_memory_win.cc(73)] ReadMemory at 0x7ff814eff924 of 608 bytes failed: Only part of a ReadProcessMemory or WriteProcessMemory request was completed. (0x12B)
[1005/162844.261:ERROR:process_memory_win.cc(73)] ReadMemory at 0x7ff814f8c428 of 18 bytes failed: Only part of a ReadProcessMemory or WriteProcessMemory request was completed. (0x12B)
[1005/162844.261:ERROR:process_memory_win.cc(73)] ReadMemory at 0x7ff814fbf4f8 of 40 bytes failed: Only part of a ReadProcessMemory or WriteProcessMemory request was completed. (0x12B)
[1005/162844.261:ERROR:process_memory_win.cc(73)] ReadMemory at 0x7ff814fbf978 of 48 bytes failed: Only part of a ReadProcessMemory or WriteProcessMemory request was completed. (0x12B)
[1005/162844.261:ERROR:process_memory_win.cc(73)] ReadMemory at 0x7ff814fc53c0 of 64 bytes failed: Only part of a ReadProcessMemory or WriteProcessMemory request was completed. (0x12B)
[1005/162844.261:ERROR:process_memory_win.cc(73)] ReadMemory at 0x7fffb6fb0eb4 of 512 bytes failed: Only part of a ReadProcessMemory or WriteProcessMemory request was completed. (0x12B)
[1005/162844.261:ERROR:process_memory_win.cc(73)] ReadMemory at 0x7fffcbc65160 of 512 bytes failed: Only part of a ReadProcessMemory or WriteProcessMemory request was completed. (0x12B)
[1005/162844.261:ERROR:process_memory_win.cc(73)] ReadMemory at 0x7fffcbc65867 of 512 bytes failed: Only part of a ReadProcessMemory or WriteProcessMemory request was completed. (0x12B)
[1005/162844.294:ERROR:scoped_process_suspend.cc(40)] NtResumeProcess: An attempt was made to access an exiting process. (0xc000010a)
[1005/200950.430:ERROR:process_info.cc(329)] VirtualQueryEx: Access is denied. (0x5)
[1005/200950.687:ERROR:process_info.cc(329)] VirtualQueryEx: Access is denied. (0x5)
[1005/200950.430:ERROR:process_info.cc(329)] VirtualQueryEx: Access is denied. (0x5)
[1005/200950.788:ERROR:process_info.cc(329)] VirtualQueryEx: Access is denied. (0x5)
[1005/200951.955:ERROR:process_info.cc(556)] ReadMemoryInfo failed
[1005/200951.069:ERROR:process_info.cc(329)] VirtualQueryEx: Access is denied. (0x5)
[1005/200951.069:ERROR:process_info.cc(329)] VirtualQueryEx: Access is denied. (0x5)
[1005/200951.955:ERROR:process_info.cc(556)] ReadMemoryInfo failed
[1005/200951.069:ERROR:process_info.cc(329)] VirtualQueryEx: Access is denied. (0x5)
[1005/200951.955:ERROR:process_info.cc(556)] ReadMemoryInfo failed
[1005/200951.172:ERROR:process_info.cc(329)] VirtualQueryEx: Access is denied. (0x5)
[1005/200951.172:ERROR:process_info.cc(329)] VirtualQueryEx: Access is denied. (0x5)
[1005/200951.955:ERROR:process_info.cc(556)] ReadMemoryInfo failed
[1005/200951.353:ERROR:process_info.cc(329)] VirtualQueryEx: Access is denied. (0x5)
[1005/200951.955:ERROR:process_info.cc(556)] ReadMemoryInfo failed
[1005/200950.788:ERROR:process_info.cc(329)] VirtualQueryEx: Access is denied. (0x5)
[1005/200951.955:ERROR:process_info.cc(556)] ReadMemoryInfo failed
[1005/200951.955:ERROR:process_info.cc(556)] ReadMemoryInfo failed
[1005/200951.172:ERROR:process_info.cc(329)] VirtualQueryEx: Access is denied. (0x5)
[1005/200951.172:ERROR:process_info.cc(329)] VirtualQueryEx: Access is denied. (0x5)
[1005/200951.955:ERROR:process_info.cc(556)] ReadMemoryInfo failed
[1005/200951.172:ERROR:process_info.cc(329)] VirtualQueryEx: Access is denied. (0x5)
[1005/200951.955:ERROR:process_info.cc(556)] ReadMemoryInfo failed
[1005/200951.955:ERROR:process_info.cc(556)] ReadMemoryInfo failed
[1005/200951.955:ERROR:process_info.cc(556)] ReadMemoryInfo failed
[1005/200951.955:ERROR:process_info.cc(556)] ReadMemoryInfo failed
[1005/200951.955:ERROR:process_info.cc(556)] ReadMemoryInfo failed
[1005/200951.955:ERROR:process_info.cc(556)] ReadMemoryInfo failed
[1005/200951.955:ERROR:scoped_process_suspend.cc(40)] NtResumeProcess: An attempt was made to access an exiting process. (0xc000010a)
[1005/200951.955:ERROR:scoped_process_suspend.cc(40)] NtResumeProcess: An attempt was made to access an exiting process. (0xc000010a)
[1005/200951.955:ERROR:scoped_process_suspend.cc(40)] NtResumeProcess: An attempt was made to access an exiting process. (0xc000010a)
[1005/200951.955:ERROR:scoped_process_suspend.cc(40)] NtResumeProcess: An attempt was made to access an exiting process. (0xc000010a)
[1005/200951.955:ERROR:scoped_process_suspend.cc(40)] NtResumeProcess: An attempt was made to access an exiting process. (0xc000010a)
[1005/200951.955:ERROR:scoped_process_suspend.cc(40)] NtResumeProcess: An attempt was made to access an exiting process. (0xc000010a)
[1005/200951.955:ERROR:scoped_process_suspend.cc(40)] NtResumeProcess: An attempt was made to access an exiting process. (0xc000010a)
[1005/200951.955:ERROR:scoped_process_suspend.cc(40)] NtResumeProcess: An attempt was made to access an exiting process. (0xc000010a)
[1005/200951.955:ERROR:scoped_process_suspend.cc(40)] NtResumeProcess: An attempt was made to access an exiting process. (0xc000010a)
[1005/200951.955:ERROR:scoped_process_suspend.cc(40)] NtResumeProcess: An attempt was made to access an exiting process. (0xc000010a)
[1005/200951.955:ERROR:scoped_process_suspend.cc(40)] NtResumeProcess: An attempt was made to access an exiting process. (0xc000010a)
[1005/200951.955:ERROR:scoped_process_suspend.cc(40)] NtResumeProcess: An attempt was made to access an exiting process. (0xc000010a)
[1005/200951.955:ERROR:scoped_process_suspend.cc(40)] NtResumeProcess: An attempt was made to access an exiting process. (0xc000010a)
[1005/200951.955:ERROR:scoped_process_suspend.cc(40)] NtResumeProcess: An attempt was made to access an exiting process. (0xc000010a)
[1006/204152.537:ERROR:process_reader_win.cc(123)] NtOpenThread: {Access Denied} A process has requested access to an object, but has not been granted those access rights. (0xc0000022)
[1006/204152.537:ERROR:process_reader_win.cc(123)] NtOpenThread: {Access Denied} A process has requested access to an object, but has not been granted those access rights. (0xc0000022)
[1006/204152.537:ERROR:process_reader_win.cc(123)] NtOpenThread: {Access Denied} A process has requested access to an object, but has not been granted those access rights. (0xc0000022)
[1006/204152.537:ERROR:process_reader_win.cc(123)] NtOpenThread: {Access Denied} A process has requested access to an object, but has not been granted those access rights. (0xc0000022)
[1006/204153.147:ERROR:exception_snapshot_win.cc(99)] thread ID 8212 not found in process
[1006/204153.147:ERROR:exception_snapshot_win.cc(99)] thread ID 12024 not found in process
[1006/204153.147:ERROR:exception_snapshot_win.cc(99)] thread ID 7244 not found in process
[1006/204153.147:ERROR:exception_snapshot_win.cc(99)] thread ID 16304 not found in process
[1216/153308.846:ERROR:directory_reader_win.cc(43)] FindFirstFile: The system cannot find the path specified. (0x3)
[1228/151840.888:ERROR:directory_reader_win.cc(43)] FindFirstFile: The system cannot find the path specified. (0x3)
